This file contains any messages produced by compilers while
running configure, to aid debugging if configure makes a mistake.

It was created by ptunnel-ng configure 1.32, which was
generated by GNU Autoconf 2.69.  Invocation command line was

  $ ./configure 

## --------- ##
## Platform. ##
## --------- ##

hostname = hightemp-icmp-proxy-test-6729860
uname -m = x86_64
uname -r = 4.9.120-c9
uname -s = Linux
uname -v = #1 SMP Wed Aug 15 22:48:26 UTC 2018

/usr/bin/uname -p = unknown
/bin/uname -X     = unknown

/bin/arch              = unknown
/usr/bin/arch -k       = unknown
/usr/convex/getsysinfo = unknown
/usr/bin/hostinfo      = unknown
/bin/machine           = unknown
/usr/bin/oslevel       = unknown
/bin/universe          = unknown

PATH: /home/ubuntu/.nvm/versions/node/v6.11.2/bin
PATH: /usr/local/rvm/gems/ruby-2.4.0/bin
PATH: /usr/local/rvm/gems/ruby-2.4.0@global/bin
PATH: /usr/local/rvm/rubies/ruby-2.4.0/bin
PATH: /mnt/shared/bin
PATH: /home/ubuntu/workspace/node_modules/.bin
PATH: /home/ubuntu/bin
PATH: /usr/local/sbin
PATH: /usr/local/bin
PATH: /usr/sbin
PATH: /usr/bin
PATH: /sbin
PATH: /bin
PATH: /mnt/shared/sbin
PATH: /opt/gitl
PATH: /opt/go/bin
PATH: /mnt/shared/c9/app.nw/bin
PATH: /usr/local/rvm/bin


## ----------- ##
## Core tests. ##
## ----------- ##

configure:2496: checking build system type
configure:2510: result: x86_64-unknown-linux-gnu
configure:2530: checking host system type
configure:2543: result: x86_64-unknown-linux-gnu
configure:2584: checking whether make supports nested variables
configure:2601: result: yes
configure:2628: checking for a BSD-compatible install
configure:2696: result: /usr/bin/install -c
configure:2707: checking whether build environment is sane
configure:2762: result: yes
configure:2913: checking for a thread-safe mkdir -p
configure:2952: result: /bin/mkdir -p
configure:2959: checking for gawk
configure:2975: found /usr/bin/gawk
configure:2986: result: gawk
configure:2997: checking whether make sets $(MAKE)
configure:3019: result: yes
configure:3200: checking for gcc
configure:3216: found /usr/bin/gcc
configure:3227: result: gcc
configure:3456: checking for C compiler version
configure:3465: gcc --version >&5
gcc (Ubuntu 4.8.4-2ubuntu1~14.04.3) 4.8.4
Copyright (C) 2013 Free Software Foundation, Inc.
This is free software; see the source for copying conditions.  There is NO
warranty; not even for MERCHANTABILITY or FITNESS FOR A PARTICULAR PURPOSE.

configure:3476: $? = 0
configure:3465: gcc -v >&5
Using built-in specs.
COLLECT_GCC=gcc
COLLECT_LTO_WRAPPER=/usr/lib/gcc/x86_64-linux-gnu/4.8/lto-wrapper
Target: x86_64-linux-gnu
Configured with: ../src/configure -v --with-pkgversion='Ubuntu 4.8.4-2ubuntu1~14.04.3' --with-bugurl=file:///usr/share/doc/gcc-4.8/README.Bugs --enable-languages=c,c++,java,go,d,fortran,objc,obj-c++ --prefix=/usr --program-suffix=-4.8 --enable-shared --enable-linker-build-id --libexecdir=/usr/lib --without-included-gettext --enable-threads=posix --with-gxx-include-dir=/usr/include/c++/4.8 --libdir=/usr/lib --enable-nls --with-sysroot=/ --enable-clocale=gnu --enable-libstdcxx-debug --enable-libstdcxx-time=yes --enable-gnu-unique-object --disable-libmudflap --enable-plugin --with-system-zlib --disable-browser-plugin --enable-java-awt=gtk --enable-gtk-cairo --with-java-home=/usr/lib/jvm/java-1.5.0-gcj-4.8-amd64/jre --enable-java-home --with-jvm-root-dir=/usr/lib/jvm/java-1.5.0-gcj-4.8-amd64 --with-jvm-jar-dir=/usr/lib/jvm-exports/java-1.5.0-gcj-4.8-amd64 --with-arch-directory=amd64 --with-ecj-jar=/usr/share/java/eclipse-ecj.jar --enable-objc-gc --enable-multiarch --disable-werror --with-arch-32=i686 --with-abi=m64 --with-multilib-list=m32,m64,mx32 --with-tune=generic --enable-checking=release --build=x86_64-linux-gnu --host=x86_64-linux-gnu --target=x86_64-linux-gnu
Thread model: posix
gcc version 4.8.4 (Ubuntu 4.8.4-2ubuntu1~14.04.3) 
configure:3476: $? = 0
configure:3465: gcc -V >&5
gcc: error: unrecognized command line option '-V'
gcc: fatal error: no input files
compilation terminated.
configure:3476: $? = 4
configure:3465: gcc -qversion >&5
gcc: error: unrecognized command line option '-qversion'
gcc: fatal error: no input files
compilation terminated.
configure:3476: $? = 4
configure:3496: checking whether the C compiler works
configure:3518: gcc    conftest.c  >&5
configure:3522: $? = 0
configure:3570: result: yes
configure:3573: checking for C compiler default output file name
configure:3575: result: a.out
configure:3581: checking for suffix of executables
configure:3588: gcc -o conftest    conftest.c  >&5
configure:3592: $? = 0
configure:3614: result: 
configure:3636: checking whether we are cross compiling
configure:3644: gcc -o conftest    conftest.c  >&5
configure:3648: $? = 0
configure:3655: ./conftest
configure:3659: $? = 0
configure:3674: result: no
configure:3679: checking for suffix of object files
configure:3701: gcc -c   conftest.c >&5
configure:3705: $? = 0
configure:3726: result: o
configure:3730: checking whether we are using the GNU C compiler
configure:3749: gcc -c   conftest.c >&5
configure:3749: $? = 0
configure:3758: result: yes
configure:3767: checking whether gcc accepts -g
configure:3787: gcc -c -g  conftest.c >&5
configure:3787: $? = 0
configure:3828: result: yes
configure:3845: checking for gcc option to accept ISO C89
configure:3908: gcc  -c -g -O2  conftest.c >&5
configure:3908: $? = 0
configure:3921: result: none needed
configure:3946: checking whether gcc understands -c and -o together
configure:3968: gcc -c conftest.c -o conftest2.o
configure:3971: $? = 0
configure:3968: gcc -c conftest.c -o conftest2.o
configure:3971: $? = 0
configure:3983: result: yes
configure:4011: checking for style of include used by make
configure:4039: result: GNU
configure:4065: checking dependency style of gcc
configure:4176: result: gcc3
configure:4195: checking for gcc option to accept ISO C99
configure:4344: gcc  -c -g -O2  conftest.c >&5
conftest.c:61:29: error: expected ';', ',' or ')' before 'text'
 test_restrict (ccp restrict text)
                             ^
conftest.c: In function 'main':
conftest.c:115:18: error: expected '=', ',', ';', 'asm' or '__attribute__' before 'newvar'
   char *restrict newvar = "Another string";
                  ^
conftest.c:115:18: error: 'newvar' undeclared (first use in this function)
conftest.c:115:18: note: each undeclared identifier is reported only once for each function it appears in
conftest.c:125:3: error: 'for' loop initial declarations are only allowed in C99 mode
   for (int i = 0; i < ia->datasize; ++i)
   ^
conftest.c:125:3: note: use option -std=c99 or -std=gnu99 to compile your code
configure:4344: $? = 1
configure: failed program was:
| /* confdefs.h */
| #define PACKAGE_NAME "ptunnel-ng"
| #define PACKAGE_TARNAME "ptunnel-ng"
| #define PACKAGE_VERSION "1.32"
| #define PACKAGE_STRING "ptunnel-ng 1.32"
| #define PACKAGE_BUGREPORT ""
| #define PACKAGE_URL ""
| #define PACKAGE "ptunnel-ng"
| #define VERSION "1.32"
| /* end confdefs.h.  */
| #include <stdarg.h>
| #include <stdbool.h>
| #include <stdlib.h>
| #include <wchar.h>
| #include <stdio.h>
| 
| // Check varargs macros.  These examples are taken from C99 6.10.3.5.
| #define debug(...) fprintf (stderr, __VA_ARGS__)
| #define showlist(...) puts (#__VA_ARGS__)
| #define report(test,...) ((test) ? puts (#test) : printf (__VA_ARGS__))
| static void
| test_varargs_macros (void)
| {
|   int x = 1234;
|   int y = 5678;
|   debug ("Flag");
|   debug ("X = %d\n", x);
|   showlist (The first, second, and third items.);
|   report (x>y, "x is %d but y is %d", x, y);
| }
| 
| // Check long long types.
| #define BIG64 18446744073709551615ull
| #define BIG32 4294967295ul
| #define BIG_OK (BIG64 / BIG32 == 4294967297ull && BIG64 % BIG32 == 0)
| #if !BIG_OK
|   your preprocessor is broken;
| #endif
| #if BIG_OK
| #else
|   your preprocessor is broken;
| #endif
| static long long int bignum = -9223372036854775807LL;
| static unsigned long long int ubignum = BIG64;
| 
| struct incomplete_array
| {
|   int datasize;
|   double data[];
| };
| 
| struct named_init {
|   int number;
|   const wchar_t *name;
|   double average;
| };
| 
| typedef const char *ccp;
| 
| static inline int
| test_restrict (ccp restrict text)
| {
|   // See if C++-style comments work.
|   // Iterate through items via the restricted pointer.
|   // Also check for declarations in for loops.
|   for (unsigned int i = 0; *(text+i) != '\0'; ++i)
|     continue;
|   return 0;
| }
| 
| // Check varargs and va_copy.
| static void
| test_varargs (const char *format, ...)
| {
|   va_list args;
|   va_start (args, format);
|   va_list args_copy;
|   va_copy (args_copy, args);
| 
|   const char *str;
|   int number;
|   float fnumber;
| 
|   while (*format)
|     {
|       switch (*format++)
| 	{
| 	case 's': // string
| 	  str = va_arg (args_copy, const char *);
| 	  break;
| 	case 'd': // int
| 	  number = va_arg (args_copy, int);
| 	  break;
| 	case 'f': // float
| 	  fnumber = va_arg (args_copy, double);
| 	  break;
| 	default:
| 	  break;
| 	}
|     }
|   va_end (args_copy);
|   va_end (args);
| }
| 
| int
| main ()
| {
| 
|   // Check bool.
|   _Bool success = false;
| 
|   // Check restrict.
|   if (test_restrict ("String literal") == 0)
|     success = true;
|   char *restrict newvar = "Another string";
| 
|   // Check varargs.
|   test_varargs ("s, d' f .", "string", 65, 34.234);
|   test_varargs_macros ();
| 
|   // Check flexible array members.
|   struct incomplete_array *ia =
|     malloc (sizeof (struct incomplete_array) + (sizeof (double) * 10));
|   ia->datasize = 10;
|   for (int i = 0; i < ia->datasize; ++i)
|     ia->data[i] = i * 1.234;
| 
|   // Check named initializers.
|   struct named_init ni = {
|     .number = 34,
|     .name = L"Test wide string",
|     .average = 543.34343,
|   };
| 
|   ni.number = 58;
| 
|   int dynamic_array[ni.number];
|   dynamic_array[ni.number - 1] = 543;
| 
|   // work around unused variable warnings
|   return (!success || bignum == 0LL || ubignum == 0uLL || newvar[0] == 'x'
| 	  || dynamic_array[ni.number - 1] != 543);
| 
|   ;
|   return 0;
| }
configure:4344: gcc -std=gnu99 -c -g -O2  conftest.c >&5
configure:4344: $? = 0
configure:4364: result: -std=gnu99
configure:4465: checking for gcc -std=gnu99 option to accept ISO Standard C
configure:4479: result: -std=gnu99
configure:4489: checking how to run the C preprocessor
configure:4520: gcc -std=gnu99 -E  conftest.c
configure:4520: $? = 0
configure:4534: gcc -std=gnu99 -E  conftest.c
conftest.c:11:28: fatal error: ac_nonexistent.h: No such file or directory
 #include <ac_nonexistent.h>
                            ^
compilation terminated.
configure:4534: $? = 1
configure: failed program was:
| /* confdefs.h */
| #define PACKAGE_NAME "ptunnel-ng"
| #define PACKAGE_TARNAME "ptunnel-ng"
| #define PACKAGE_VERSION "1.32"
| #define PACKAGE_STRING "ptunnel-ng 1.32"
| #define PACKAGE_BUGREPORT ""
| #define PACKAGE_URL ""
| #define PACKAGE "ptunnel-ng"
| #define VERSION "1.32"
| /* end confdefs.h.  */
| #include <ac_nonexistent.h>
configure:4559: result: gcc -std=gnu99 -E
configure:4579: gcc -std=gnu99 -E  conftest.c
configure:4579: $? = 0
configure:4593: gcc -std=gnu99 -E  conftest.c
conftest.c:11:28: fatal error: ac_nonexistent.h: No such file or directory
 #include <ac_nonexistent.h>
                            ^
compilation terminated.
configure:4593: $? = 1
configure: failed program was:
| /* confdefs.h */
| #define PACKAGE_NAME "ptunnel-ng"
| #define PACKAGE_TARNAME "ptunnel-ng"
| #define PACKAGE_VERSION "1.32"
| #define PACKAGE_STRING "ptunnel-ng 1.32"
| #define PACKAGE_BUGREPORT ""
| #define PACKAGE_URL ""
| #define PACKAGE "ptunnel-ng"
| #define VERSION "1.32"
| /* end confdefs.h.  */
| #include <ac_nonexistent.h>
configure:4622: checking for grep that handles long lines and -e
configure:4680: result: /bin/grep
configure:4685: checking for egrep
configure:4747: result: /bin/grep -E
configure:4752: checking for ANSI C header files
configure:4772: gcc -std=gnu99 -c -g -O2  conftest.c >&5
configure:4772: $? = 0
configure:4845: gcc -std=gnu99 -o conftest -g -O2   conftest.c  >&5
configure:4845: $? = 0
configure:4845: ./conftest
configure:4845: $? = 0
configure:4856: result: yes
configure:4869: checking for sys/types.h
configure:4869: gcc -std=gnu99 -c -g -O2  conftest.c >&5
configure:4869: $? = 0
configure:4869: result: yes
configure:4869: checking for sys/stat.h
configure:4869: gcc -std=gnu99 -c -g -O2  conftest.c >&5
configure:4869: $? = 0
configure:4869: result: yes
configure:4869: checking for stdlib.h
configure:4869: gcc -std=gnu99 -c -g -O2  conftest.c >&5
configure:4869: $? = 0
configure:4869: result: yes
configure:4869: checking for string.h
configure:4869: gcc -std=gnu99 -c -g -O2  conftest.c >&5
configure:4869: $? = 0
configure:4869: result: yes
configure:4869: checking for memory.h
configure:4869: gcc -std=gnu99 -c -g -O2  conftest.c >&5
configure:4869: $? = 0
configure:4869: result: yes
configure:4869: checking for strings.h
configure:4869: gcc -std=gnu99 -c -g -O2  conftest.c >&5
configure:4869: $? = 0
configure:4869: result: yes
configure:4869: checking for inttypes.h
configure:4869: gcc -std=gnu99 -c -g -O2  conftest.c >&5
configure:4869: $? = 0
configure:4869: result: yes
configure:4869: checking for stdint.h
configure:4869: gcc -std=gnu99 -c -g -O2  conftest.c >&5
configure:4869: $? = 0
configure:4869: result: yes
configure:4869: checking for unistd.h
configure:4869: gcc -std=gnu99 -c -g -O2  conftest.c >&5
configure:4869: $? = 0
configure:4869: result: yes
configure:4882: checking minix/config.h usability
configure:4882: gcc -std=gnu99 -c -g -O2  conftest.c >&5
conftest.c:54:26: fatal error: minix/config.h: No such file or directory
 #include <minix/config.h>
                          ^
compilation terminated.
configure:4882: $? = 1
configure: failed program was:
| /* confdefs.h */
| #define PACKAGE_NAME "ptunnel-ng"
| #define PACKAGE_TARNAME "ptunnel-ng"
| #define PACKAGE_VERSION "1.32"
| #define PACKAGE_STRING "ptunnel-ng 1.32"
| #define PACKAGE_BUGREPORT ""
| #define PACKAGE_URL ""
| #define PACKAGE "ptunnel-ng"
| #define VERSION "1.32"
| #define STDC_HEADERS 1
| #define HAVE_SYS_TYPES_H 1
| #define HAVE_SYS_STAT_H 1
| #define HAVE_STDLIB_H 1
| #define HAVE_STRING_H 1
| #define HAVE_MEMORY_H 1
| #define HAVE_STRINGS_H 1
| #define HAVE_INTTYPES_H 1
| #define HAVE_STDINT_H 1
| #define HAVE_UNISTD_H 1
| /* end confdefs.h.  */
| #include <stdio.h>
| #ifdef HAVE_SYS_TYPES_H
| # include <sys/types.h>
| #endif
| #ifdef HAVE_SYS_STAT_H
| # include <sys/stat.h>
| #endif
| #ifdef STDC_HEADERS
| # include <stdlib.h>
| # include <stddef.h>
| #else
| # ifdef HAVE_STDLIB_H
| #  include <stdlib.h>
| # endif
| #endif
| #ifdef HAVE_STRING_H
| # if !defined STDC_HEADERS && defined HAVE_MEMORY_H
| #  include <memory.h>
| # endif
| # include <string.h>
| #endif
| #ifdef HAVE_STRINGS_H
| # include <strings.h>
| #endif
| #ifdef HAVE_INTTYPES_H
| # include <inttypes.h>
| #endif
| #ifdef HAVE_STDINT_H
| # include <stdint.h>
| #endif
| #ifdef HAVE_UNISTD_H
| # include <unistd.h>
| #endif
| #include <minix/config.h>
configure:4882: result: no
configure:4882: checking minix/config.h presence
configure:4882: gcc -std=gnu99 -E  conftest.c
conftest.c:21:26: fatal error: minix/config.h: No such file or directory
 #include <minix/config.h>
                          ^
compilation terminated.
configure:4882: $? = 1
configure: failed program was:
| /* confdefs.h */
| #define PACKAGE_NAME "ptunnel-ng"
| #define PACKAGE_TARNAME "ptunnel-ng"
| #define PACKAGE_VERSION "1.32"
| #define PACKAGE_STRING "ptunnel-ng 1.32"
| #define PACKAGE_BUGREPORT ""
| #define PACKAGE_URL ""
| #define PACKAGE "ptunnel-ng"
| #define VERSION "1.32"
| #define STDC_HEADERS 1
| #define HAVE_SYS_TYPES_H 1
| #define HAVE_SYS_STAT_H 1
| #define HAVE_STDLIB_H 1
| #define HAVE_STRING_H 1
| #define HAVE_MEMORY_H 1
| #define HAVE_STRINGS_H 1
| #define HAVE_INTTYPES_H 1
| #define HAVE_STDINT_H 1
| #define HAVE_UNISTD_H 1
| /* end confdefs.h.  */
| #include <minix/config.h>
configure:4882: result: no
configure:4882: checking for minix/config.h
configure:4882: result: no
configure:4903: checking whether it is safe to define __EXTENSIONS__
configure:4921: gcc -std=gnu99 -c -g -O2  conftest.c >&5
configure:4921: $? = 0
configure:4928: result: yes
configure:4942: checking for an ANSI C-conforming const
configure:5008: gcc -std=gnu99 -c -g -O2  conftest.c >&5
configure:5008: $? = 0
configure:5015: result: yes
configure:5023: checking for inline
configure:5039: gcc -std=gnu99 -c -g -O2  conftest.c >&5
configure:5039: $? = 0
configure:5047: result: inline
configure:5065: checking for size_t
configure:5065: gcc -std=gnu99 -c -g -O2  conftest.c >&5
configure:5065: $? = 0
configure:5065: gcc -std=gnu99 -c -g -O2  conftest.c >&5
conftest.c: In function 'main':
conftest.c:62:21: error: expected expression before ')' token
 if (sizeof ((size_t)))
                     ^
configure:5065: $? = 1
configure: failed program was:
| /* confdefs.h */
| #define PACKAGE_NAME "ptunnel-ng"
| #define PACKAGE_TARNAME "ptunnel-ng"
| #define PACKAGE_VERSION "1.32"
| #define PACKAGE_STRING "ptunnel-ng 1.32"
| #define PACKAGE_BUGREPORT ""
| #define PACKAGE_URL ""
| #define PACKAGE "ptunnel-ng"
| #define VERSION "1.32"
| #define STDC_HEADERS 1
| #define HAVE_SYS_TYPES_H 1
| #define HAVE_SYS_STAT_H 1
| #define HAVE_STDLIB_H 1
| #define HAVE_STRING_H 1
| #define HAVE_MEMORY_H 1
| #define HAVE_STRINGS_H 1
| #define HAVE_INTTYPES_H 1
| #define HAVE_STDINT_H 1
| #define HAVE_UNISTD_H 1
| #define __EXTENSIONS__ 1
| #define _ALL_SOURCE 1
| #define _GNU_SOURCE 1
| #define _POSIX_PTHREAD_SEMANTICS 1
| #define _TANDEM_SOURCE 1
| /* end confdefs.h.  */
| #include <stdio.h>
| #ifdef HAVE_SYS_TYPES_H
| # include <sys/types.h>
| #endif
| #ifdef HAVE_SYS_STAT_H
| # include <sys/stat.h>
| #endif
| #ifdef STDC_HEADERS
| # include <stdlib.h>
| # include <stddef.h>
| #else
| # ifdef HAVE_STDLIB_H
| #  include <stdlib.h>
| # endif
| #endif
| #ifdef HAVE_STRING_H
| # if !defined STDC_HEADERS && defined HAVE_MEMORY_H
| #  include <memory.h>
| # endif
| # include <string.h>
| #endif
| #ifdef HAVE_STRINGS_H
| # include <strings.h>
| #endif
| #ifdef HAVE_INTTYPES_H
| # include <inttypes.h>
| #endif
| #ifdef HAVE_STDINT_H
| # include <stdint.h>
| #endif
| #ifdef HAVE_UNISTD_H
| # include <unistd.h>
| #endif
| int
| main ()
| {
| if (sizeof ((size_t)))
| 	    return 0;
|   ;
|   return 0;
| }
configure:5065: result: yes
configure:5076: checking for stdbool.h that conforms to C99
configure:5143: gcc -std=gnu99 -c -g -O2  conftest.c >&5
configure:5143: $? = 0
configure:5150: result: yes
configure:5152: checking for _Bool
configure:5152: gcc -std=gnu99 -c -g -O2  conftest.c >&5
configure:5152: $? = 0
configure:5152: gcc -std=gnu99 -c -g -O2  conftest.c >&5
conftest.c: In function 'main':
conftest.c:62:20: error: expected expression before ')' token
 if (sizeof ((_Bool)))
                    ^
configure:5152: $? = 1
configure: failed program was:
| /* confdefs.h */
| #define PACKAGE_NAME "ptunnel-ng"
| #define PACKAGE_TARNAME "ptunnel-ng"
| #define PACKAGE_VERSION "1.32"
| #define PACKAGE_STRING "ptunnel-ng 1.32"
| #define PACKAGE_BUGREPORT ""
| #define PACKAGE_URL ""
| #define PACKAGE "ptunnel-ng"
| #define VERSION "1.32"
| #define STDC_HEADERS 1
| #define HAVE_SYS_TYPES_H 1
| #define HAVE_SYS_STAT_H 1
| #define HAVE_STDLIB_H 1
| #define HAVE_STRING_H 1
| #define HAVE_MEMORY_H 1
| #define HAVE_STRINGS_H 1
| #define HAVE_INTTYPES_H 1
| #define HAVE_STDINT_H 1
| #define HAVE_UNISTD_H 1
| #define __EXTENSIONS__ 1
| #define _ALL_SOURCE 1
| #define _GNU_SOURCE 1
| #define _POSIX_PTHREAD_SEMANTICS 1
| #define _TANDEM_SOURCE 1
| /* end confdefs.h.  */
| #include <stdio.h>
| #ifdef HAVE_SYS_TYPES_H
| # include <sys/types.h>
| #endif
| #ifdef HAVE_SYS_STAT_H
| # include <sys/stat.h>
| #endif
| #ifdef STDC_HEADERS
| # include <stdlib.h>
| # include <stddef.h>
| #else
| # ifdef HAVE_STDLIB_H
| #  include <stdlib.h>
| # endif
| #endif
| #ifdef HAVE_STRING_H
| # if !defined STDC_HEADERS && defined HAVE_MEMORY_H
| #  include <memory.h>
| # endif
| # include <string.h>
| #endif
| #ifdef HAVE_STRINGS_H
| # include <strings.h>
| #endif
| #ifdef HAVE_INTTYPES_H
| # include <inttypes.h>
| #endif
| #ifdef HAVE_STDINT_H
| # include <stdint.h>
| #endif
| #ifdef HAVE_UNISTD_H
| # include <unistd.h>
| #endif
| int
| main ()
| {
| if (sizeof ((_Bool)))
| 	    return 0;
|   ;
|   return 0;
| }
configure:5152: result: yes
configure:5165: checking for vprintf
configure:5165: gcc -std=gnu99 -o conftest -g -O2   conftest.c  >&5
conftest.c:50:6: warning: conflicting types for built-in function 'vprintf' [enabled by default]
 char vprintf ();
      ^
configure:5165: $? = 0
configure:5165: result: yes
configure:5171: checking for _doprnt
configure:5171: gcc -std=gnu99 -o conftest -g -O2   conftest.c  >&5
/tmp/ccDJXFRd.o: In function `main':
/home/ubuntu/workspace/ptunnel-ng/conftest.c:62: undefined reference to `_doprnt'
collect2: error: ld returned 1 exit status
configure:5171: $? = 1
configure: failed program was:
| /* confdefs.h */
| #define PACKAGE_NAME "ptunnel-ng"
| #define PACKAGE_TARNAME "ptunnel-ng"
| #define PACKAGE_VERSION "1.32"
| #define PACKAGE_STRING "ptunnel-ng 1.32"
| #define PACKAGE_BUGREPORT ""
| #define PACKAGE_URL ""
| #define PACKAGE "ptunnel-ng"
| #define VERSION "1.32"
| #define STDC_HEADERS 1
| #define HAVE_SYS_TYPES_H 1
| #define HAVE_SYS_STAT_H 1
| #define HAVE_STDLIB_H 1
| #define HAVE_STRING_H 1
| #define HAVE_MEMORY_H 1
| #define HAVE_STRINGS_H 1
| #define HAVE_INTTYPES_H 1
| #define HAVE_STDINT_H 1
| #define HAVE_UNISTD_H 1
| #define __EXTENSIONS__ 1
| #define _ALL_SOURCE 1
| #define _GNU_SOURCE 1
| #define _POSIX_PTHREAD_SEMANTICS 1
| #define _TANDEM_SOURCE 1
| #define HAVE__BOOL 1
| #define HAVE_VPRINTF 1
| /* end confdefs.h.  */
| /* Define _doprnt to an innocuous variant, in case <limits.h> declares _doprnt.
|    For example, HP-UX 11i <limits.h> declares gettimeofday.  */
| #define _doprnt innocuous__doprnt
| 
| /* System header to define __stub macros and hopefully few prototypes,
|     which can conflict with char _doprnt (); below.
|     Prefer <limits.h> to <assert.h> if __STDC__ is defined, since
|     <limits.h> exists even on freestanding compilers.  */
| 
| #ifdef __STDC__
| # include <limits.h>
| #else
| # include <assert.h>
| #endif
| 
| #undef _doprnt
| 
| /* Override any GCC internal prototype to avoid an error.
|    Use char because int might match the return type of a GCC
|    builtin and then its argument prototype would still apply.  */
| #ifdef __cplusplus
| extern "C"
| #endif
| char _doprnt ();
| /* The GNU C library defines this for functions which it implements
|     to always fail with ENOSYS.  Some functions are actually named
|     something starting with __ and the normal name is an alias.  */
| #if defined __stub__doprnt || defined __stub____doprnt
| choke me
| #endif
| 
| int
| main ()
| {
| return _doprnt ();
|   ;
|   return 0;
| }
configure:5171: result: no
configure:5182: checking for working memcmp
configure:5225: gcc -std=gnu99 -o conftest -g -O2   conftest.c  >&5
configure:5225: $? = 0
configure:5225: ./conftest
configure:5225: $? = 0
configure:5235: result: yes
configure:5252: checking stdarg.h usability
configure:5252: gcc -std=gnu99 -c -g -O2  conftest.c >&5
configure:5252: $? = 0
configure:5252: result: yes
configure:5252: checking stdarg.h presence
configure:5252: gcc -std=gnu99 -E  conftest.c
configure:5252: $? = 0
configure:5252: result: yes
configure:5252: checking for stdarg.h
configure:5252: result: yes
configure:5252: checking stdio.h usability
configure:5252: gcc -std=gnu99 -c -g -O2  conftest.c >&5
configure:5252: $? = 0
configure:5252: result: yes
configure:5252: checking stdio.h presence
configure:5252: gcc -std=gnu99 -E  conftest.c
configure:5252: $? = 0
configure:5252: result: yes
configure:5252: checking for stdio.h
configure:5252: result: yes
configure:5252: checking for unistd.h
configure:5252: result: yes
configure:5252: checking for stdlib.h
configure:5252: result: yes
configure:5252: checking for string.h
configure:5252: result: yes
configure:5252: checking for stdint.h
configure:5252: result: yes
configure:5252: checking time.h usability
configure:5252: gcc -std=gnu99 -c -g -O2  conftest.c >&5
configure:5252: $? = 0
configure:5252: result: yes
configure:5252: checking time.h presence
configure:5252: gcc -std=gnu99 -E  conftest.c
configure:5252: $? = 0
configure:5252: result: yes
configure:5252: checking for time.h
configure:5252: result: yes
configure:5252: checking signal.h usability
configure:5252: gcc -std=gnu99 -c -g -O2  conftest.c >&5
configure:5252: $? = 0
configure:5252: result: yes
configure:5252: checking signal.h presence
configure:5252: gcc -std=gnu99 -E  conftest.c
configure:5252: $? = 0
configure:5252: result: yes
configure:5252: checking for signal.h
configure:5252: result: yes
configure:5252: checking assert.h usability
configure:5252: gcc -std=gnu99 -c -g -O2  conftest.c >&5
configure:5252: $? = 0
configure:5252: result: yes
configure:5252: checking assert.h presence
configure:5252: gcc -std=gnu99 -E  conftest.c
configure:5252: $? = 0
configure:5252: result: yes
configure:5252: checking for assert.h
configure:5252: result: yes
configure:5267: checking sys/unistd.h usability
configure:5267: gcc -std=gnu99 -c -g -O2  conftest.c >&5
configure:5267: $? = 0
configure:5267: result: yes
configure:5267: checking sys/unistd.h presence
configure:5267: gcc -std=gnu99 -E  conftest.c
configure:5267: $? = 0
configure:5267: result: yes
configure:5267: checking for sys/unistd.h
configure:5267: result: yes
configure:5280: checking for sys/types.h
configure:5280: result: yes
configure:5280: checking sys/socket.h usability
configure:5280: gcc -std=gnu99 -c -g -O2  conftest.c >&5
configure:5280: $? = 0
configure:5280: result: yes
configure:5280: checking sys/socket.h presence
configure:5280: gcc -std=gnu99 -E  conftest.c
configure:5280: $? = 0
configure:5280: result: yes
configure:5280: checking for sys/socket.h
configure:5280: result: yes
configure:5280: checking netinet/in.h usability
configure:5280: gcc -std=gnu99 -c -g -O2  conftest.c >&5
configure:5280: $? = 0
configure:5280: result: yes
configure:5280: checking netinet/in.h presence
configure:5280: gcc -std=gnu99 -E  conftest.c
configure:5280: $? = 0
configure:5280: result: yes
configure:5280: checking for netinet/in.h
configure:5280: result: yes
configure:5280: checking arpa/inet.h usability
configure:5280: gcc -std=gnu99 -c -g -O2  conftest.c >&5
configure:5280: $? = 0
configure:5280: result: yes
configure:5280: checking arpa/inet.h presence
configure:5280: gcc -std=gnu99 -E  conftest.c
configure:5280: $? = 0
configure:5280: result: yes
configure:5280: checking for arpa/inet.h
configure:5280: result: yes
configure:5280: checking netdb.h usability
configure:5280: gcc -std=gnu99 -c -g -O2  conftest.c >&5
configure:5280: $? = 0
configure:5280: result: yes
configure:5280: checking netdb.h presence
configure:5280: gcc -std=gnu99 -E  conftest.c
configure:5280: $? = 0
configure:5280: result: yes
configure:5280: checking for netdb.h
configure:5280: result: yes
configure:5280: checking pthread.h usability
configure:5280: gcc -std=gnu99 -c -g -O2  conftest.c >&5
configure:5280: $? = 0
configure:5280: result: yes
configure:5280: checking pthread.h presence
configure:5280: gcc -std=gnu99 -E  conftest.c
configure:5280: $? = 0
configure:5280: result: yes
configure:5280: checking for pthread.h
configure:5280: result: yes
configure:5280: checking errno.h usability
configure:5280: gcc -std=gnu99 -c -g -O2  conftest.c >&5
configure:5280: $? = 0
configure:5280: result: yes
configure:5280: checking errno.h presence
configure:5280: gcc -std=gnu99 -E  conftest.c
configure:5280: $? = 0
configure:5280: result: yes
configure:5280: checking for errno.h
configure:5280: result: yes
configure:5280: checking net/ethernet.h usability
configure:5280: gcc -std=gnu99 -c -g -O2  conftest.c >&5
configure:5280: $? = 0
configure:5280: result: yes
configure:5280: checking net/ethernet.h presence
configure:5280: gcc -std=gnu99 -E  conftest.c
configure:5280: $? = 0
configure:5280: result: yes
configure:5280: checking for net/ethernet.h
configure:5280: result: yes
configure:5280: checking syslog.h usability
configure:5280: gcc -std=gnu99 -c -g -O2  conftest.c >&5
configure:5280: $? = 0
configure:5280: result: yes
configure:5280: checking syslog.h presence
configure:5280: gcc -std=gnu99 -E  conftest.c
configure:5280: $? = 0
configure:5280: result: yes
configure:5280: checking for syslog.h
configure:5280: result: yes
configure:5280: checking pwd.h usability
configure:5280: gcc -std=gnu99 -c -g -O2  conftest.c >&5
configure:5280: $? = 0
configure:5280: result: yes
configure:5280: checking pwd.h presence
configure:5280: gcc -std=gnu99 -E  conftest.c
configure:5280: $? = 0
configure:5280: result: yes
configure:5280: checking for pwd.h
configure:5280: result: yes
configure:5280: checking grp.h usability
configure:5280: gcc -std=gnu99 -c -g -O2  conftest.c >&5
configure:5280: $? = 0
configure:5280: result: yes
configure:5280: checking grp.h presence
configure:5280: gcc -std=gnu99 -E  conftest.c
configure:5280: $? = 0
configure:5280: result: yes
configure:5280: checking for grp.h
configure:5280: result: yes
configure:5292: checking for library containing pthread_create
configure:5323: gcc -std=gnu99 -o conftest -g -O2   conftest.c  >&5
/tmp/ccGl1GgT.o: In function `main':
/home/ubuntu/workspace/ptunnel-ng/conftest.c:60: undefined reference to `pthread_create'
collect2: error: ld returned 1 exit status
configure:5323: $? = 1
configure: failed program was:
| /* confdefs.h */
| #define PACKAGE_NAME "ptunnel-ng"
| #define PACKAGE_TARNAME "ptunnel-ng"
| #define PACKAGE_VERSION "1.32"
| #define PACKAGE_STRING "ptunnel-ng 1.32"
| #define PACKAGE_BUGREPORT ""
| #define PACKAGE_URL ""
| #define PACKAGE "ptunnel-ng"
| #define VERSION "1.32"
| #define STDC_HEADERS 1
| #define HAVE_SYS_TYPES_H 1
| #define HAVE_SYS_STAT_H 1
| #define HAVE_STDLIB_H 1
| #define HAVE_STRING_H 1
| #define HAVE_MEMORY_H 1
| #define HAVE_STRINGS_H 1
| #define HAVE_INTTYPES_H 1
| #define HAVE_STDINT_H 1
| #define HAVE_UNISTD_H 1
| #define __EXTENSIONS__ 1
| #define _ALL_SOURCE 1
| #define _GNU_SOURCE 1
| #define _POSIX_PTHREAD_SEMANTICS 1
| #define _TANDEM_SOURCE 1
| #define HAVE__BOOL 1
| #define HAVE_VPRINTF 1
| #define HAVE_STDARG_H 1
| #define HAVE_STDIO_H 1
| #define HAVE_UNISTD_H 1
| #define HAVE_STDLIB_H 1
| #define HAVE_STRING_H 1
| #define HAVE_STDINT_H 1
| #define HAVE_TIME_H 1
| #define HAVE_SIGNAL_H 1
| #define HAVE_ASSERT_H 1
| #define HAVE_SYS_UNISTD_H 1
| #define HAVE_SYS_TYPES_H 1
| #define HAVE_SYS_SOCKET_H 1
| #define HAVE_NETINET_IN_H 1
| #define HAVE_ARPA_INET_H 1
| #define HAVE_NETDB_H 1
| #define HAVE_PTHREAD_H 1
| #define HAVE_ERRNO_H 1
| #define HAVE_NET_ETHERNET_H 1
| #define HAVE_SYSLOG_H 1
| #define HAVE_PWD_H 1
| #define HAVE_GRP_H 1
| /* end confdefs.h.  */
| 
| /* Override any GCC internal prototype to avoid an error.
|    Use char because int might match the return type of a GCC
|    builtin and then its argument prototype would still apply.  */
| #ifdef __cplusplus
| extern "C"
| #endif
| char pthread_create ();
| int
| main ()
| {
| return pthread_create ();
|   ;
|   return 0;
| }
configure:5323: gcc -std=gnu99 -o conftest -g -O2   conftest.c -lpthread   >&5
configure:5323: $? = 0
configure:5340: result: -lpthread
configure:5353: checking for signal
configure:5353: gcc -std=gnu99 -o conftest -g -O2   conftest.c -lpthread  >&5
configure:5353: $? = 0
configure:5353: result: yes
configure:5368: checking for pthread_mutex_init
configure:5368: gcc -std=gnu99 -o conftest -g -O2   conftest.c -lpthread  >&5
configure:5368: $? = 0
configure:5368: result: yes
configure:5368: checking for pthread_mutex_lock
configure:5368: gcc -std=gnu99 -o conftest -g -O2   conftest.c -lpthread  >&5
configure:5368: $? = 0
configure:5368: result: yes
configure:5368: checking for pthread_mutex_unlock
configure:5368: gcc -std=gnu99 -o conftest -g -O2   conftest.c -lpthread  >&5
configure:5368: $? = 0
configure:5368: result: yes
configure:5368: checking for syslog
configure:5368: gcc -std=gnu99 -o conftest -g -O2   conftest.c -lpthread  >&5
configure:5368: $? = 0
configure:5368: result: yes
configure:5368: checking for getaddrinfo
configure:5368: gcc -std=gnu99 -o conftest -g -O2   conftest.c -lpthread  >&5
configure:5368: $? = 0
configure:5368: result: yes
configure:5368: checking for freeaddrinfo
configure:5368: gcc -std=gnu99 -o conftest -g -O2   conftest.c -lpthread  >&5
configure:5368: $? = 0
configure:5368: result: yes
configure:5368: checking for gai_strerror
configure:5368: gcc -std=gnu99 -o conftest -g -O2   conftest.c -lpthread  >&5
configure:5368: $? = 0
configure:5368: result: yes
configure:5531: checking for GNU getopt_long
configure:5556: gcc -std=gnu99 -c -g -O2  conftest.c >&5
configure:5556: $? = 0
configure:5557: result: yes
configure:5565: checking for struct timeval.tv_sec
configure:5565: gcc -std=gnu99 -c -g -O2  conftest.c >&5
configure:5565: $? = 0
configure:5565: result: yes
configure:5573: checking for struct timeval.tv_usec
configure:5573: gcc -std=gnu99 -c -g -O2  conftest.c >&5
configure:5573: $? = 0
configure:5573: result: yes
configure:5586: checking size of char
configure:5591: gcc -std=gnu99 -o conftest -g -O2   conftest.c -lpthread  >&5
configure:5591: $? = 0
configure:5591: ./conftest
configure:5591: $? = 0
configure:5605: result: 1
configure:5619: checking size of uint8_t
configure:5624: gcc -std=gnu99 -o conftest -g -O2   conftest.c -lpthread  >&5
configure:5624: $? = 0
configure:5624: ./conftest
configure:5624: $? = 0
configure:5638: result: 1
configure:5652: checking size of uint16_t
configure:5657: gcc -std=gnu99 -o conftest -g -O2   conftest.c -lpthread  >&5
configure:5657: $? = 0
configure:5657: ./conftest
configure:5657: $? = 0
configure:5671: result: 2
configure:5685: checking size of uint32_t
configure:5690: gcc -std=gnu99 -o conftest -g -O2   conftest.c -lpthread  >&5
configure:5690: $? = 0
configure:5690: ./conftest
configure:5690: $? = 0
configure:5704: result: 4
configure:5718: checking size of int
configure:5723: gcc -std=gnu99 -o conftest -g -O2   conftest.c -lpthread  >&5
configure:5723: $? = 0
configure:5723: ./conftest
configure:5723: $? = 0
configure:5737: result: 4
configure:5755: checking for __attribute__ ((packed))
configure:5776: gcc -std=gnu99 -c -g -O2  conftest.c >&5
configure:5776: $? = 0
configure:5777: result: yes
configure:5788: checking for malloc
configure:5788: gcc -std=gnu99 -o conftest -g -O2   conftest.c -lpthread  >&5
conftest.c:85:6: warning: conflicting types for built-in function 'malloc' [enabled by default]
 char malloc ();
      ^
configure:5788: $? = 0
configure:5788: result: yes
configure:5788: checking for calloc
configure:5788: gcc -std=gnu99 -o conftest -g -O2   conftest.c -lpthread  >&5
conftest.c:86:6: warning: conflicting types for built-in function 'calloc' [enabled by default]
 char calloc ();
      ^
configure:5788: $? = 0
configure:5788: result: yes
configure:5788: checking for free
configure:5788: gcc -std=gnu99 -o conftest -g -O2   conftest.c -lpthread  >&5
conftest.c:87:6: warning: conflicting types for built-in function 'free' [enabled by default]
 char free ();
      ^
configure:5788: $? = 0
configure:5788: result: yes
configure:5788: checking for memcpy
configure:5788: gcc -std=gnu99 -o conftest -g -O2   conftest.c -lpthread  >&5
conftest.c:88:6: warning: conflicting types for built-in function 'memcpy' [enabled by default]
 char memcpy ();
      ^
configure:5788: $? = 0
configure:5788: result: yes
configure:5788: checking for memset
configure:5788: gcc -std=gnu99 -o conftest -g -O2   conftest.c -lpthread  >&5
conftest.c:89:6: warning: conflicting types for built-in function 'memset' [enabled by default]
 char memset ();
      ^
configure:5788: $? = 0
configure:5788: result: yes
configure:5788: checking for printf
configure:5788: gcc -std=gnu99 -o conftest -g -O2   conftest.c -lpthread  >&5
conftest.c:90:6: warning: conflicting types for built-in function 'printf' [enabled by default]
 char printf ();
      ^
configure:5788: $? = 0
configure:5788: result: yes
configure:5788: checking for sprintf
configure:5788: gcc -std=gnu99 -o conftest -g -O2   conftest.c -lpthread  >&5
conftest.c:91:6: warning: conflicting types for built-in function 'sprintf' [enabled by default]
 char sprintf ();
      ^
configure:5788: $? = 0
configure:5788: result: yes
configure:5788: checking for vsnprintf
configure:5788: gcc -std=gnu99 -o conftest -g -O2   conftest.c -lpthread  >&5
conftest.c:92:6: warning: conflicting types for built-in function 'vsnprintf' [enabled by default]
 char vsnprintf ();
      ^
configure:5788: $? = 0
configure:5788: result: yes
configure:5788: checking for strerror
configure:5788: gcc -std=gnu99 -o conftest -g -O2   conftest.c -lpthread  >&5
configure:5788: $? = 0
configure:5788: result: yes
configure:5788: checking for strlen
configure:5788: gcc -std=gnu99 -o conftest -g -O2   conftest.c -lpthread  >&5
conftest.c:94:6: warning: conflicting types for built-in function 'strlen' [enabled by default]
 char strlen ();
      ^
configure:5788: $? = 0
configure:5788: result: yes
configure:5788: checking for strncmp
configure:5788: gcc -std=gnu99 -o conftest -g -O2   conftest.c -lpthread  >&5
conftest.c:95:6: warning: conflicting types for built-in function 'strncmp' [enabled by default]
 char strncmp ();
      ^
configure:5788: $? = 0
configure:5788: result: yes
configure:5788: checking for strstr
configure:5788: gcc -std=gnu99 -o conftest -g -O2   conftest.c -lpthread  >&5
conftest.c:96:6: warning: conflicting types for built-in function 'strstr' [enabled by default]
 char strstr ();
      ^
configure:5788: $? = 0
configure:5788: result: yes
configure:5788: checking for strtol
configure:5788: gcc -std=gnu99 -o conftest -g -O2   conftest.c -lpthread  >&5
configure:5788: $? = 0
configure:5788: result: yes
configure:5788: checking for strtoul
configure:5788: gcc -std=gnu99 -o conftest -g -O2   conftest.c -lpthread  >&5
configure:5788: $? = 0
configure:5788: result: yes
configure:5788: checking for fopen
configure:5788: gcc -std=gnu99 -o conftest -g -O2   conftest.c -lpthread  >&5
configure:5788: $? = 0
configure:5788: result: yes
configure:5788: checking for fprintf
configure:5788: gcc -std=gnu99 -o conftest -g -O2   conftest.c -lpthread  >&5
conftest.c:100:6: warning: conflicting types for built-in function 'fprintf' [enabled by default]
 char fprintf ();
      ^
configure:5788: $? = 0
configure:5788: result: yes
configure:5788: checking for gettimeofday
configure:5788: gcc -std=gnu99 -o conftest -g -O2   conftest.c -lpthread  >&5
configure:5788: $? = 0
configure:5788: result: yes
configure:5788: checking for close
configure:5788: gcc -std=gnu99 -o conftest -g -O2   conftest.c -lpthread  >&5
configure:5788: $? = 0
configure:5788: result: yes
configure:5788: checking for fclose
configure:5788: gcc -std=gnu99 -o conftest -g -O2   conftest.c -lpthread  >&5
configure:5788: $? = 0
configure:5788: result: yes
configure:5788: checking for exit
configure:5788: gcc -std=gnu99 -o conftest -g -O2   conftest.c -lpthread  >&5
conftest.c:104:6: warning: conflicting types for built-in function 'exit' [enabled by default]
 char exit ();
      ^
configure:5788: $? = 0
configure:5788: result: yes
configure:5788: checking for getopt_long
configure:5788: gcc -std=gnu99 -o conftest -g -O2   conftest.c -lpthread  >&5
configure:5788: $? = 0
configure:5788: result: yes
configure:5832: checking pcap.h usability
configure:5832: gcc -std=gnu99 -c -g -O2  conftest.c >&5
configure:5832: $? = 0
configure:5832: result: yes
configure:5832: checking pcap.h presence
configure:5832: gcc -std=gnu99 -E  conftest.c
configure:5832: $? = 0
configure:5832: result: yes
configure:5832: checking for pcap.h
configure:5832: result: yes
configure:5844: checking for library containing pcap_lookupnet
configure:5875: gcc -std=gnu99 -o conftest -g -O2   conftest.c -lpthread  >&5
/tmp/ccA750k0.o: In function `main':
/home/ubuntu/workspace/ptunnel-ng/conftest.c:95: undefined reference to `pcap_lookupnet'
collect2: error: ld returned 1 exit status
configure:5875: $? = 1
configure: failed program was:
| /* confdefs.h */
| #define PACKAGE_NAME "ptunnel-ng"
| #define PACKAGE_TARNAME "ptunnel-ng"
| #define PACKAGE_VERSION "1.32"
| #define PACKAGE_STRING "ptunnel-ng 1.32"
| #define PACKAGE_BUGREPORT ""
| #define PACKAGE_URL ""
| #define PACKAGE "ptunnel-ng"
| #define VERSION "1.32"
| #define STDC_HEADERS 1
| #define HAVE_SYS_TYPES_H 1
| #define HAVE_SYS_STAT_H 1
| #define HAVE_STDLIB_H 1
| #define HAVE_STRING_H 1
| #define HAVE_MEMORY_H 1
| #define HAVE_STRINGS_H 1
| #define HAVE_INTTYPES_H 1
| #define HAVE_STDINT_H 1
| #define HAVE_UNISTD_H 1
| #define __EXTENSIONS__ 1
| #define _ALL_SOURCE 1
| #define _GNU_SOURCE 1
| #define _POSIX_PTHREAD_SEMANTICS 1
| #define _TANDEM_SOURCE 1
| #define HAVE__BOOL 1
| #define HAVE_VPRINTF 1
| #define HAVE_STDARG_H 1
| #define HAVE_STDIO_H 1
| #define HAVE_UNISTD_H 1
| #define HAVE_STDLIB_H 1
| #define HAVE_STRING_H 1
| #define HAVE_STDINT_H 1
| #define HAVE_TIME_H 1
| #define HAVE_SIGNAL_H 1
| #define HAVE_ASSERT_H 1
| #define HAVE_SYS_UNISTD_H 1
| #define HAVE_SYS_TYPES_H 1
| #define HAVE_SYS_SOCKET_H 1
| #define HAVE_NETINET_IN_H 1
| #define HAVE_ARPA_INET_H 1
| #define HAVE_NETDB_H 1
| #define HAVE_PTHREAD_H 1
| #define HAVE_ERRNO_H 1
| #define HAVE_NET_ETHERNET_H 1
| #define HAVE_SYSLOG_H 1
| #define HAVE_PWD_H 1
| #define HAVE_GRP_H 1
| #define HAVE_SIGNAL 1
| #define HAVE_PTHREAD_MUTEX_INIT 1
| #define HAVE_PTHREAD_MUTEX_LOCK 1
| #define HAVE_PTHREAD_MUTEX_UNLOCK 1
| #define HAVE_SYSLOG 1
| #define HAVE_GETADDRINFO 1
| #define HAVE_FREEADDRINFO 1
| #define HAVE_GAI_STRERROR 1
| #define SIZEOF_CHAR 1
| #define SIZEOF_UINT8_T 1
| #define SIZEOF_UINT16_T 2
| #define SIZEOF_UINT32_T 4
| #define SIZEOF_INT 4
| #define HAVE_MALLOC 1
| #define HAVE_CALLOC 1
| #define HAVE_FREE 1
| #define HAVE_MEMCPY 1
| #define HAVE_MEMSET 1
| #define HAVE_PRINTF 1
| #define HAVE_SPRINTF 1
| #define HAVE_VSNPRINTF 1
| #define HAVE_STRERROR 1
| #define HAVE_STRLEN 1
| #define HAVE_STRNCMP 1
| #define HAVE_STRSTR 1
| #define HAVE_STRTOL 1
| #define HAVE_STRTOUL 1
| #define HAVE_FOPEN 1
| #define HAVE_FPRINTF 1
| #define HAVE_GETTIMEOFDAY 1
| #define HAVE_CLOSE 1
| #define HAVE_FCLOSE 1
| #define HAVE_EXIT 1
| #define HAVE_GETOPT_LONG 1
| #define HAVE_PCAP_H 1
| /* end confdefs.h.  */
| 
| /* Override any GCC internal prototype to avoid an error.
|    Use char because int might match the return type of a GCC
|    builtin and then its argument prototype would still apply.  */
| #ifdef __cplusplus
| extern "C"
| #endif
| char pcap_lookupnet ();
| int
| main ()
| {
| return pcap_lookupnet ();
|   ;
|   return 0;
| }
configure:5875: gcc -std=gnu99 -o conftest -g -O2   conftest.c -lpcap  -lpthread  >&5
configure:5875: $? = 0
configure:5892: result: -lpcap
configure:5905: checking for pcap_compile
configure:5905: gcc -std=gnu99 -o conftest -g -O2   conftest.c -lpcap -lpthread  >&5
configure:5905: $? = 0
configure:5905: result: yes
configure:5905: checking for pcap_close
configure:5905: gcc -std=gnu99 -o conftest -g -O2   conftest.c -lpcap -lpthread  >&5
configure:5905: $? = 0
configure:5905: result: yes
configure:5905: checking for pcap_setfilter
configure:5905: gcc -std=gnu99 -o conftest -g -O2   conftest.c -lpcap -lpthread  >&5
configure:5905: $? = 0
configure:5905: result: yes
configure:5905: checking for pcap_dispatch
configure:5905: gcc -std=gnu99 -o conftest -g -O2   conftest.c -lpcap -lpthread  >&5
configure:5905: $? = 0
configure:5905: result: yes
configure:5920: checking bsd/stdlib.h usability
configure:5920: gcc -std=gnu99 -c -g -O2  conftest.c >&5
conftest.c:121:24: fatal error: bsd/stdlib.h: No such file or directory
 #include <bsd/stdlib.h>
                        ^
compilation terminated.
configure:5920: $? = 1
configure: failed program was:
| /* confdefs.h */
| #define PACKAGE_NAME "ptunnel-ng"
| #define PACKAGE_TARNAME "ptunnel-ng"
| #define PACKAGE_VERSION "1.32"
| #define PACKAGE_STRING "ptunnel-ng 1.32"
| #define PACKAGE_BUGREPORT ""
| #define PACKAGE_URL ""
| #define PACKAGE "ptunnel-ng"
| #define VERSION "1.32"
| #define STDC_HEADERS 1
| #define HAVE_SYS_TYPES_H 1
| #define HAVE_SYS_STAT_H 1
| #define HAVE_STDLIB_H 1
| #define HAVE_STRING_H 1
| #define HAVE_MEMORY_H 1
| #define HAVE_STRINGS_H 1
| #define HAVE_INTTYPES_H 1
| #define HAVE_STDINT_H 1
| #define HAVE_UNISTD_H 1
| #define __EXTENSIONS__ 1
| #define _ALL_SOURCE 1
| #define _GNU_SOURCE 1
| #define _POSIX_PTHREAD_SEMANTICS 1
| #define _TANDEM_SOURCE 1
| #define HAVE__BOOL 1
| #define HAVE_VPRINTF 1
| #define HAVE_STDARG_H 1
| #define HAVE_STDIO_H 1
| #define HAVE_UNISTD_H 1
| #define HAVE_STDLIB_H 1
| #define HAVE_STRING_H 1
| #define HAVE_STDINT_H 1
| #define HAVE_TIME_H 1
| #define HAVE_SIGNAL_H 1
| #define HAVE_ASSERT_H 1
| #define HAVE_SYS_UNISTD_H 1
| #define HAVE_SYS_TYPES_H 1
| #define HAVE_SYS_SOCKET_H 1
| #define HAVE_NETINET_IN_H 1
| #define HAVE_ARPA_INET_H 1
| #define HAVE_NETDB_H 1
| #define HAVE_PTHREAD_H 1
| #define HAVE_ERRNO_H 1
| #define HAVE_NET_ETHERNET_H 1
| #define HAVE_SYSLOG_H 1
| #define HAVE_PWD_H 1
| #define HAVE_GRP_H 1
| #define HAVE_SIGNAL 1
| #define HAVE_PTHREAD_MUTEX_INIT 1
| #define HAVE_PTHREAD_MUTEX_LOCK 1
| #define HAVE_PTHREAD_MUTEX_UNLOCK 1
| #define HAVE_SYSLOG 1
| #define HAVE_GETADDRINFO 1
| #define HAVE_FREEADDRINFO 1
| #define HAVE_GAI_STRERROR 1
| #define SIZEOF_CHAR 1
| #define SIZEOF_UINT8_T 1
| #define SIZEOF_UINT16_T 2
| #define SIZEOF_UINT32_T 4
| #define SIZEOF_INT 4
| #define HAVE_MALLOC 1
| #define HAVE_CALLOC 1
| #define HAVE_FREE 1
| #define HAVE_MEMCPY 1
| #define HAVE_MEMSET 1
| #define HAVE_PRINTF 1
| #define HAVE_SPRINTF 1
| #define HAVE_VSNPRINTF 1
| #define HAVE_STRERROR 1
| #define HAVE_STRLEN 1
| #define HAVE_STRNCMP 1
| #define HAVE_STRSTR 1
| #define HAVE_STRTOL 1
| #define HAVE_STRTOUL 1
| #define HAVE_FOPEN 1
| #define HAVE_FPRINTF 1
| #define HAVE_GETTIMEOFDAY 1
| #define HAVE_CLOSE 1
| #define HAVE_FCLOSE 1
| #define HAVE_EXIT 1
| #define HAVE_GETOPT_LONG 1
| #define HAVE_PCAP_H 1
| #define HAVE_PCAP_COMPILE 1
| #define HAVE_PCAP_CLOSE 1
| #define HAVE_PCAP_SETFILTER 1
| #define HAVE_PCAP_DISPATCH 1
| /* end confdefs.h.  */
| #include <stdio.h>
| #ifdef HAVE_SYS_TYPES_H
| # include <sys/types.h>
| #endif
| #ifdef HAVE_SYS_STAT_H
| # include <sys/stat.h>
| #endif
| #ifdef STDC_HEADERS
| # include <stdlib.h>
| # include <stddef.h>
| #else
| # ifdef HAVE_STDLIB_H
| #  include <stdlib.h>
| # endif
| #endif
| #ifdef HAVE_STRING_H
| # if !defined STDC_HEADERS && defined HAVE_MEMORY_H
| #  include <memory.h>
| # endif
| # include <string.h>
| #endif
| #ifdef HAVE_STRINGS_H
| # include <strings.h>
| #endif
| #ifdef HAVE_INTTYPES_H
| # include <inttypes.h>
| #endif
| #ifdef HAVE_STDINT_H
| # include <stdint.h>
| #endif
| #ifdef HAVE_UNISTD_H
| # include <unistd.h>
| #endif
| #include <bsd/stdlib.h>
configure:5920: result: no
configure:5920: checking bsd/stdlib.h presence
configure:5920: gcc -std=gnu99 -E  conftest.c
conftest.c:88:24: fatal error: bsd/stdlib.h: No such file or directory
 #include <bsd/stdlib.h>
                        ^
compilation terminated.
configure:5920: $? = 1
configure: failed program was:
| /* confdefs.h */
| #define PACKAGE_NAME "ptunnel-ng"
| #define PACKAGE_TARNAME "ptunnel-ng"
| #define PACKAGE_VERSION "1.32"
| #define PACKAGE_STRING "ptunnel-ng 1.32"
| #define PACKAGE_BUGREPORT ""
| #define PACKAGE_URL ""
| #define PACKAGE "ptunnel-ng"
| #define VERSION "1.32"
| #define STDC_HEADERS 1
| #define HAVE_SYS_TYPES_H 1
| #define HAVE_SYS_STAT_H 1
| #define HAVE_STDLIB_H 1
| #define HAVE_STRING_H 1
| #define HAVE_MEMORY_H 1
| #define HAVE_STRINGS_H 1
| #define HAVE_INTTYPES_H 1
| #define HAVE_STDINT_H 1
| #define HAVE_UNISTD_H 1
| #define __EXTENSIONS__ 1
| #define _ALL_SOURCE 1
| #define _GNU_SOURCE 1
| #define _POSIX_PTHREAD_SEMANTICS 1
| #define _TANDEM_SOURCE 1
| #define HAVE__BOOL 1
| #define HAVE_VPRINTF 1
| #define HAVE_STDARG_H 1
| #define HAVE_STDIO_H 1
| #define HAVE_UNISTD_H 1
| #define HAVE_STDLIB_H 1
| #define HAVE_STRING_H 1
| #define HAVE_STDINT_H 1
| #define HAVE_TIME_H 1
| #define HAVE_SIGNAL_H 1
| #define HAVE_ASSERT_H 1
| #define HAVE_SYS_UNISTD_H 1
| #define HAVE_SYS_TYPES_H 1
| #define HAVE_SYS_SOCKET_H 1
| #define HAVE_NETINET_IN_H 1
| #define HAVE_ARPA_INET_H 1
| #define HAVE_NETDB_H 1
| #define HAVE_PTHREAD_H 1
| #define HAVE_ERRNO_H 1
| #define HAVE_NET_ETHERNET_H 1
| #define HAVE_SYSLOG_H 1
| #define HAVE_PWD_H 1
| #define HAVE_GRP_H 1
| #define HAVE_SIGNAL 1
| #define HAVE_PTHREAD_MUTEX_INIT 1
| #define HAVE_PTHREAD_MUTEX_LOCK 1
| #define HAVE_PTHREAD_MUTEX_UNLOCK 1
| #define HAVE_SYSLOG 1
| #define HAVE_GETADDRINFO 1
| #define HAVE_FREEADDRINFO 1
| #define HAVE_GAI_STRERROR 1
| #define SIZEOF_CHAR 1
| #define SIZEOF_UINT8_T 1
| #define SIZEOF_UINT16_T 2
| #define SIZEOF_UINT32_T 4
| #define SIZEOF_INT 4
| #define HAVE_MALLOC 1
| #define HAVE_CALLOC 1
| #define HAVE_FREE 1
| #define HAVE_MEMCPY 1
| #define HAVE_MEMSET 1
| #define HAVE_PRINTF 1
| #define HAVE_SPRINTF 1
| #define HAVE_VSNPRINTF 1
| #define HAVE_STRERROR 1
| #define HAVE_STRLEN 1
| #define HAVE_STRNCMP 1
| #define HAVE_STRSTR 1
| #define HAVE_STRTOL 1
| #define HAVE_STRTOUL 1
| #define HAVE_FOPEN 1
| #define HAVE_FPRINTF 1
| #define HAVE_GETTIMEOFDAY 1
| #define HAVE_CLOSE 1
| #define HAVE_FCLOSE 1
| #define HAVE_EXIT 1
| #define HAVE_GETOPT_LONG 1
| #define HAVE_PCAP_H 1
| #define HAVE_PCAP_COMPILE 1
| #define HAVE_PCAP_CLOSE 1
| #define HAVE_PCAP_SETFILTER 1
| #define HAVE_PCAP_DISPATCH 1
| /* end confdefs.h.  */
| #include <bsd/stdlib.h>
configure:5920: result: no
configure:5920: checking for bsd/stdlib.h
configure:5920: result: no
configure:5932: checking for library containing arc4random
configure:5963: gcc -std=gnu99 -o conftest -g -O2   conftest.c -lpcap -lpthread  >&5
/tmp/ccOnqdKz.o: In function `main':
/home/ubuntu/workspace/ptunnel-ng/conftest.c:99: undefined reference to `arc4random'
collect2: error: ld returned 1 exit status
configure:5963: $? = 1
configure: failed program was:
| /* confdefs.h */
| #define PACKAGE_NAME "ptunnel-ng"
| #define PACKAGE_TARNAME "ptunnel-ng"
| #define PACKAGE_VERSION "1.32"
| #define PACKAGE_STRING "ptunnel-ng 1.32"
| #define PACKAGE_BUGREPORT ""
| #define PACKAGE_URL ""
| #define PACKAGE "ptunnel-ng"
| #define VERSION "1.32"
| #define STDC_HEADERS 1
| #define HAVE_SYS_TYPES_H 1
| #define HAVE_SYS_STAT_H 1
| #define HAVE_STDLIB_H 1
| #define HAVE_STRING_H 1
| #define HAVE_MEMORY_H 1
| #define HAVE_STRINGS_H 1
| #define HAVE_INTTYPES_H 1
| #define HAVE_STDINT_H 1
| #define HAVE_UNISTD_H 1
| #define __EXTENSIONS__ 1
| #define _ALL_SOURCE 1
| #define _GNU_SOURCE 1
| #define _POSIX_PTHREAD_SEMANTICS 1
| #define _TANDEM_SOURCE 1
| #define HAVE__BOOL 1
| #define HAVE_VPRINTF 1
| #define HAVE_STDARG_H 1
| #define HAVE_STDIO_H 1
| #define HAVE_UNISTD_H 1
| #define HAVE_STDLIB_H 1
| #define HAVE_STRING_H 1
| #define HAVE_STDINT_H 1
| #define HAVE_TIME_H 1
| #define HAVE_SIGNAL_H 1
| #define HAVE_ASSERT_H 1
| #define HAVE_SYS_UNISTD_H 1
| #define HAVE_SYS_TYPES_H 1
| #define HAVE_SYS_SOCKET_H 1
| #define HAVE_NETINET_IN_H 1
| #define HAVE_ARPA_INET_H 1
| #define HAVE_NETDB_H 1
| #define HAVE_PTHREAD_H 1
| #define HAVE_ERRNO_H 1
| #define HAVE_NET_ETHERNET_H 1
| #define HAVE_SYSLOG_H 1
| #define HAVE_PWD_H 1
| #define HAVE_GRP_H 1
| #define HAVE_SIGNAL 1
| #define HAVE_PTHREAD_MUTEX_INIT 1
| #define HAVE_PTHREAD_MUTEX_LOCK 1
| #define HAVE_PTHREAD_MUTEX_UNLOCK 1
| #define HAVE_SYSLOG 1
| #define HAVE_GETADDRINFO 1
| #define HAVE_FREEADDRINFO 1
| #define HAVE_GAI_STRERROR 1
| #define SIZEOF_CHAR 1
| #define SIZEOF_UINT8_T 1
| #define SIZEOF_UINT16_T 2
| #define SIZEOF_UINT32_T 4
| #define SIZEOF_INT 4
| #define HAVE_MALLOC 1
| #define HAVE_CALLOC 1
| #define HAVE_FREE 1
| #define HAVE_MEMCPY 1
| #define HAVE_MEMSET 1
| #define HAVE_PRINTF 1
| #define HAVE_SPRINTF 1
| #define HAVE_VSNPRINTF 1
| #define HAVE_STRERROR 1
| #define HAVE_STRLEN 1
| #define HAVE_STRNCMP 1
| #define HAVE_STRSTR 1
| #define HAVE_STRTOL 1
| #define HAVE_STRTOUL 1
| #define HAVE_FOPEN 1
| #define HAVE_FPRINTF 1
| #define HAVE_GETTIMEOFDAY 1
| #define HAVE_CLOSE 1
| #define HAVE_FCLOSE 1
| #define HAVE_EXIT 1
| #define HAVE_GETOPT_LONG 1
| #define HAVE_PCAP_H 1
| #define HAVE_PCAP_COMPILE 1
| #define HAVE_PCAP_CLOSE 1
| #define HAVE_PCAP_SETFILTER 1
| #define HAVE_PCAP_DISPATCH 1
| /* end confdefs.h.  */
| 
| /* Override any GCC internal prototype to avoid an error.
|    Use char because int might match the return type of a GCC
|    builtin and then its argument prototype would still apply.  */
| #ifdef __cplusplus
| extern "C"
| #endif
| char arc4random ();
| int
| main ()
| {
| return arc4random ();
|   ;
|   return 0;
| }
configure:5963: gcc -std=gnu99 -o conftest -g -O2   conftest.c -lbsd  -lpcap -lpthread  >&5
/usr/bin/ld: cannot find -lbsd
collect2: error: ld returned 1 exit status
configure:5963: $? = 1
configure: failed program was:
| /* confdefs.h */
| #define PACKAGE_NAME "ptunnel-ng"
| #define PACKAGE_TARNAME "ptunnel-ng"
| #define PACKAGE_VERSION "1.32"
| #define PACKAGE_STRING "ptunnel-ng 1.32"
| #define PACKAGE_BUGREPORT ""
| #define PACKAGE_URL ""
| #define PACKAGE "ptunnel-ng"
| #define VERSION "1.32"
| #define STDC_HEADERS 1
| #define HAVE_SYS_TYPES_H 1
| #define HAVE_SYS_STAT_H 1
| #define HAVE_STDLIB_H 1
| #define HAVE_STRING_H 1
| #define HAVE_MEMORY_H 1
| #define HAVE_STRINGS_H 1
| #define HAVE_INTTYPES_H 1
| #define HAVE_STDINT_H 1
| #define HAVE_UNISTD_H 1
| #define __EXTENSIONS__ 1
| #define _ALL_SOURCE 1
| #define _GNU_SOURCE 1
| #define _POSIX_PTHREAD_SEMANTICS 1
| #define _TANDEM_SOURCE 1
| #define HAVE__BOOL 1
| #define HAVE_VPRINTF 1
| #define HAVE_STDARG_H 1
| #define HAVE_STDIO_H 1
| #define HAVE_UNISTD_H 1
| #define HAVE_STDLIB_H 1
| #define HAVE_STRING_H 1
| #define HAVE_STDINT_H 1
| #define HAVE_TIME_H 1
| #define HAVE_SIGNAL_H 1
| #define HAVE_ASSERT_H 1
| #define HAVE_SYS_UNISTD_H 1
| #define HAVE_SYS_TYPES_H 1
| #define HAVE_SYS_SOCKET_H 1
| #define HAVE_NETINET_IN_H 1
| #define HAVE_ARPA_INET_H 1
| #define HAVE_NETDB_H 1
| #define HAVE_PTHREAD_H 1
| #define HAVE_ERRNO_H 1
| #define HAVE_NET_ETHERNET_H 1
| #define HAVE_SYSLOG_H 1
| #define HAVE_PWD_H 1
| #define HAVE_GRP_H 1
| #define HAVE_SIGNAL 1
| #define HAVE_PTHREAD_MUTEX_INIT 1
| #define HAVE_PTHREAD_MUTEX_LOCK 1
| #define HAVE_PTHREAD_MUTEX_UNLOCK 1
| #define HAVE_SYSLOG 1
| #define HAVE_GETADDRINFO 1
| #define HAVE_FREEADDRINFO 1
| #define HAVE_GAI_STRERROR 1
| #define SIZEOF_CHAR 1
| #define SIZEOF_UINT8_T 1
| #define SIZEOF_UINT16_T 2
| #define SIZEOF_UINT32_T 4
| #define SIZEOF_INT 4
| #define HAVE_MALLOC 1
| #define HAVE_CALLOC 1
| #define HAVE_FREE 1
| #define HAVE_MEMCPY 1
| #define HAVE_MEMSET 1
| #define HAVE_PRINTF 1
| #define HAVE_SPRINTF 1
| #define HAVE_VSNPRINTF 1
| #define HAVE_STRERROR 1
| #define HAVE_STRLEN 1
| #define HAVE_STRNCMP 1
| #define HAVE_STRSTR 1
| #define HAVE_STRTOL 1
| #define HAVE_STRTOUL 1
| #define HAVE_FOPEN 1
| #define HAVE_FPRINTF 1
| #define HAVE_GETTIMEOFDAY 1
| #define HAVE_CLOSE 1
| #define HAVE_FCLOSE 1
| #define HAVE_EXIT 1
| #define HAVE_GETOPT_LONG 1
| #define HAVE_PCAP_H 1
| #define HAVE_PCAP_COMPILE 1
| #define HAVE_PCAP_CLOSE 1
| #define HAVE_PCAP_SETFILTER 1
| #define HAVE_PCAP_DISPATCH 1
| /* end confdefs.h.  */
| 
| /* Override any GCC internal prototype to avoid an error.
|    Use char because int might match the return type of a GCC
|    builtin and then its argument prototype would still apply.  */
| #ifdef __cplusplus
| extern "C"
| #endif
| char arc4random ();
| int
| main ()
| {
| return arc4random ();
|   ;
|   return 0;
| }
configure:5980: result: no
configure:5990: checking for arc4random
configure:5990: gcc -std=gnu99 -o conftest -g -O2   conftest.c -lpcap -lpthread  >&5
/tmp/cc90hAUJ.o: In function `main':
/home/ubuntu/workspace/ptunnel-ng/conftest.c:122: undefined reference to `arc4random'
collect2: error: ld returned 1 exit status
configure:5990: $? = 1
configure: failed program was:
| /* confdefs.h */
| #define PACKAGE_NAME "ptunnel-ng"
| #define PACKAGE_TARNAME "ptunnel-ng"
| #define PACKAGE_VERSION "1.32"
| #define PACKAGE_STRING "ptunnel-ng 1.32"
| #define PACKAGE_BUGREPORT ""
| #define PACKAGE_URL ""
| #define PACKAGE "ptunnel-ng"
| #define VERSION "1.32"
| #define STDC_HEADERS 1
| #define HAVE_SYS_TYPES_H 1
| #define HAVE_SYS_STAT_H 1
| #define HAVE_STDLIB_H 1
| #define HAVE_STRING_H 1
| #define HAVE_MEMORY_H 1
| #define HAVE_STRINGS_H 1
| #define HAVE_INTTYPES_H 1
| #define HAVE_STDINT_H 1
| #define HAVE_UNISTD_H 1
| #define __EXTENSIONS__ 1
| #define _ALL_SOURCE 1
| #define _GNU_SOURCE 1
| #define _POSIX_PTHREAD_SEMANTICS 1
| #define _TANDEM_SOURCE 1
| #define HAVE__BOOL 1
| #define HAVE_VPRINTF 1
| #define HAVE_STDARG_H 1
| #define HAVE_STDIO_H 1
| #define HAVE_UNISTD_H 1
| #define HAVE_STDLIB_H 1
| #define HAVE_STRING_H 1
| #define HAVE_STDINT_H 1
| #define HAVE_TIME_H 1
| #define HAVE_SIGNAL_H 1
| #define HAVE_ASSERT_H 1
| #define HAVE_SYS_UNISTD_H 1
| #define HAVE_SYS_TYPES_H 1
| #define HAVE_SYS_SOCKET_H 1
| #define HAVE_NETINET_IN_H 1
| #define HAVE_ARPA_INET_H 1
| #define HAVE_NETDB_H 1
| #define HAVE_PTHREAD_H 1
| #define HAVE_ERRNO_H 1
| #define HAVE_NET_ETHERNET_H 1
| #define HAVE_SYSLOG_H 1
| #define HAVE_PWD_H 1
| #define HAVE_GRP_H 1
| #define HAVE_SIGNAL 1
| #define HAVE_PTHREAD_MUTEX_INIT 1
| #define HAVE_PTHREAD_MUTEX_LOCK 1
| #define HAVE_PTHREAD_MUTEX_UNLOCK 1
| #define HAVE_SYSLOG 1
| #define HAVE_GETADDRINFO 1
| #define HAVE_FREEADDRINFO 1
| #define HAVE_GAI_STRERROR 1
| #define SIZEOF_CHAR 1
| #define SIZEOF_UINT8_T 1
| #define SIZEOF_UINT16_T 2
| #define SIZEOF_UINT32_T 4
| #define SIZEOF_INT 4
| #define HAVE_MALLOC 1
| #define HAVE_CALLOC 1
| #define HAVE_FREE 1
| #define HAVE_MEMCPY 1
| #define HAVE_MEMSET 1
| #define HAVE_PRINTF 1
| #define HAVE_SPRINTF 1
| #define HAVE_VSNPRINTF 1
| #define HAVE_STRERROR 1
| #define HAVE_STRLEN 1
| #define HAVE_STRNCMP 1
| #define HAVE_STRSTR 1
| #define HAVE_STRTOL 1
| #define HAVE_STRTOUL 1
| #define HAVE_FOPEN 1
| #define HAVE_FPRINTF 1
| #define HAVE_GETTIMEOFDAY 1
| #define HAVE_CLOSE 1
| #define HAVE_FCLOSE 1
| #define HAVE_EXIT 1
| #define HAVE_GETOPT_LONG 1
| #define HAVE_PCAP_H 1
| #define HAVE_PCAP_COMPILE 1
| #define HAVE_PCAP_CLOSE 1
| #define HAVE_PCAP_SETFILTER 1
| #define HAVE_PCAP_DISPATCH 1
| /* end confdefs.h.  */
| /* Define arc4random to an innocuous variant, in case <limits.h> declares arc4random.
|    For example, HP-UX 11i <limits.h> declares gettimeofday.  */
| #define arc4random innocuous_arc4random
| 
| /* System header to define __stub macros and hopefully few prototypes,
|     which can conflict with char arc4random (); below.
|     Prefer <limits.h> to <assert.h> if __STDC__ is defined, since
|     <limits.h> exists even on freestanding compilers.  */
| 
| #ifdef __STDC__
| # include <limits.h>
| #else
| # include <assert.h>
| #endif
| 
| #undef arc4random
| 
| /* Override any GCC internal prototype to avoid an error.
|    Use char because int might match the return type of a GCC
|    builtin and then its argument prototype would still apply.  */
| #ifdef __cplusplus
| extern "C"
| #endif
| char arc4random ();
| /* The GNU C library defines this for functions which it implements
|     to always fail with ENOSYS.  Some functions are actually named
|     something starting with __ and the normal name is an alias.  */
| #if defined __stub_arc4random || defined __stub___arc4random
| choke me
| #endif
| 
| int
| main ()
| {
| return arc4random ();
|   ;
|   return 0;
| }
configure:5990: result: no
configure:6003: checking for timespec_get
configure:6003: gcc -std=gnu99 -o conftest -g -O2   conftest.c -lpcap -lpthread  >&5
configure:6003: $? = 0
configure:6003: result: yes
configure:6003: checking for srandom
configure:6003: gcc -std=gnu99 -o conftest -g -O2   conftest.c -lpcap -lpthread  >&5
configure:6003: $? = 0
configure:6003: result: yes
configure:6003: checking for random
configure:6003: gcc -std=gnu99 -o conftest -g -O2   conftest.c -lpcap -lpthread  >&5
configure:6003: $? = 0
configure:6003: result: yes
configure:6021: checking selinux/selinux.h usability
configure:6021: gcc -std=gnu99 -c -g -O2  conftest.c >&5
conftest.c:124:29: fatal error: selinux/selinux.h: No such file or directory
 #include <selinux/selinux.h>
                             ^
compilation terminated.
configure:6021: $? = 1
configure: failed program was:
| /* confdefs.h */
| #define PACKAGE_NAME "ptunnel-ng"
| #define PACKAGE_TARNAME "ptunnel-ng"
| #define PACKAGE_VERSION "1.32"
| #define PACKAGE_STRING "ptunnel-ng 1.32"
| #define PACKAGE_BUGREPORT ""
| #define PACKAGE_URL ""
| #define PACKAGE "ptunnel-ng"
| #define VERSION "1.32"
| #define STDC_HEADERS 1
| #define HAVE_SYS_TYPES_H 1
| #define HAVE_SYS_STAT_H 1
| #define HAVE_STDLIB_H 1
| #define HAVE_STRING_H 1
| #define HAVE_MEMORY_H 1
| #define HAVE_STRINGS_H 1
| #define HAVE_INTTYPES_H 1
| #define HAVE_STDINT_H 1
| #define HAVE_UNISTD_H 1
| #define __EXTENSIONS__ 1
| #define _ALL_SOURCE 1
| #define _GNU_SOURCE 1
| #define _POSIX_PTHREAD_SEMANTICS 1
| #define _TANDEM_SOURCE 1
| #define HAVE__BOOL 1
| #define HAVE_VPRINTF 1
| #define HAVE_STDARG_H 1
| #define HAVE_STDIO_H 1
| #define HAVE_UNISTD_H 1
| #define HAVE_STDLIB_H 1
| #define HAVE_STRING_H 1
| #define HAVE_STDINT_H 1
| #define HAVE_TIME_H 1
| #define HAVE_SIGNAL_H 1
| #define HAVE_ASSERT_H 1
| #define HAVE_SYS_UNISTD_H 1
| #define HAVE_SYS_TYPES_H 1
| #define HAVE_SYS_SOCKET_H 1
| #define HAVE_NETINET_IN_H 1
| #define HAVE_ARPA_INET_H 1
| #define HAVE_NETDB_H 1
| #define HAVE_PTHREAD_H 1
| #define HAVE_ERRNO_H 1
| #define HAVE_NET_ETHERNET_H 1
| #define HAVE_SYSLOG_H 1
| #define HAVE_PWD_H 1
| #define HAVE_GRP_H 1
| #define HAVE_SIGNAL 1
| #define HAVE_PTHREAD_MUTEX_INIT 1
| #define HAVE_PTHREAD_MUTEX_LOCK 1
| #define HAVE_PTHREAD_MUTEX_UNLOCK 1
| #define HAVE_SYSLOG 1
| #define HAVE_GETADDRINFO 1
| #define HAVE_FREEADDRINFO 1
| #define HAVE_GAI_STRERROR 1
| #define SIZEOF_CHAR 1
| #define SIZEOF_UINT8_T 1
| #define SIZEOF_UINT16_T 2
| #define SIZEOF_UINT32_T 4
| #define SIZEOF_INT 4
| #define HAVE_MALLOC 1
| #define HAVE_CALLOC 1
| #define HAVE_FREE 1
| #define HAVE_MEMCPY 1
| #define HAVE_MEMSET 1
| #define HAVE_PRINTF 1
| #define HAVE_SPRINTF 1
| #define HAVE_VSNPRINTF 1
| #define HAVE_STRERROR 1
| #define HAVE_STRLEN 1
| #define HAVE_STRNCMP 1
| #define HAVE_STRSTR 1
| #define HAVE_STRTOL 1
| #define HAVE_STRTOUL 1
| #define HAVE_FOPEN 1
| #define HAVE_FPRINTF 1
| #define HAVE_GETTIMEOFDAY 1
| #define HAVE_CLOSE 1
| #define HAVE_FCLOSE 1
| #define HAVE_EXIT 1
| #define HAVE_GETOPT_LONG 1
| #define HAVE_PCAP_H 1
| #define HAVE_PCAP_COMPILE 1
| #define HAVE_PCAP_CLOSE 1
| #define HAVE_PCAP_SETFILTER 1
| #define HAVE_PCAP_DISPATCH 1
| #define HAVE_TIMESPEC_GET 1
| #define HAVE_SRANDOM 1
| #define HAVE_RANDOM 1
| /* end confdefs.h.  */
| #include <stdio.h>
| #ifdef HAVE_SYS_TYPES_H
| # include <sys/types.h>
| #endif
| #ifdef HAVE_SYS_STAT_H
| # include <sys/stat.h>
| #endif
| #ifdef STDC_HEADERS
| # include <stdlib.h>
| # include <stddef.h>
| #else
| # ifdef HAVE_STDLIB_H
| #  include <stdlib.h>
| # endif
| #endif
| #ifdef HAVE_STRING_H
| # if !defined STDC_HEADERS && defined HAVE_MEMORY_H
| #  include <memory.h>
| # endif
| # include <string.h>
| #endif
| #ifdef HAVE_STRINGS_H
| # include <strings.h>
| #endif
| #ifdef HAVE_INTTYPES_H
| # include <inttypes.h>
| #endif
| #ifdef HAVE_STDINT_H
| # include <stdint.h>
| #endif
| #ifdef HAVE_UNISTD_H
| # include <unistd.h>
| #endif
| #include <selinux/selinux.h>
configure:6021: result: no
configure:6021: checking selinux/selinux.h presence
configure:6021: gcc -std=gnu99 -E  conftest.c
conftest.c:91:29: fatal error: selinux/selinux.h: No such file or directory
 #include <selinux/selinux.h>
                             ^
compilation terminated.
configure:6021: $? = 1
configure: failed program was:
| /* confdefs.h */
| #define PACKAGE_NAME "ptunnel-ng"
| #define PACKAGE_TARNAME "ptunnel-ng"
| #define PACKAGE_VERSION "1.32"
| #define PACKAGE_STRING "ptunnel-ng 1.32"
| #define PACKAGE_BUGREPORT ""
| #define PACKAGE_URL ""
| #define PACKAGE "ptunnel-ng"
| #define VERSION "1.32"
| #define STDC_HEADERS 1
| #define HAVE_SYS_TYPES_H 1
| #define HAVE_SYS_STAT_H 1
| #define HAVE_STDLIB_H 1
| #define HAVE_STRING_H 1
| #define HAVE_MEMORY_H 1
| #define HAVE_STRINGS_H 1
| #define HAVE_INTTYPES_H 1
| #define HAVE_STDINT_H 1
| #define HAVE_UNISTD_H 1
| #define __EXTENSIONS__ 1
| #define _ALL_SOURCE 1
| #define _GNU_SOURCE 1
| #define _POSIX_PTHREAD_SEMANTICS 1
| #define _TANDEM_SOURCE 1
| #define HAVE__BOOL 1
| #define HAVE_VPRINTF 1
| #define HAVE_STDARG_H 1
| #define HAVE_STDIO_H 1
| #define HAVE_UNISTD_H 1
| #define HAVE_STDLIB_H 1
| #define HAVE_STRING_H 1
| #define HAVE_STDINT_H 1
| #define HAVE_TIME_H 1
| #define HAVE_SIGNAL_H 1
| #define HAVE_ASSERT_H 1
| #define HAVE_SYS_UNISTD_H 1
| #define HAVE_SYS_TYPES_H 1
| #define HAVE_SYS_SOCKET_H 1
| #define HAVE_NETINET_IN_H 1
| #define HAVE_ARPA_INET_H 1
| #define HAVE_NETDB_H 1
| #define HAVE_PTHREAD_H 1
| #define HAVE_ERRNO_H 1
| #define HAVE_NET_ETHERNET_H 1
| #define HAVE_SYSLOG_H 1
| #define HAVE_PWD_H 1
| #define HAVE_GRP_H 1
| #define HAVE_SIGNAL 1
| #define HAVE_PTHREAD_MUTEX_INIT 1
| #define HAVE_PTHREAD_MUTEX_LOCK 1
| #define HAVE_PTHREAD_MUTEX_UNLOCK 1
| #define HAVE_SYSLOG 1
| #define HAVE_GETADDRINFO 1
| #define HAVE_FREEADDRINFO 1
| #define HAVE_GAI_STRERROR 1
| #define SIZEOF_CHAR 1
| #define SIZEOF_UINT8_T 1
| #define SIZEOF_UINT16_T 2
| #define SIZEOF_UINT32_T 4
| #define SIZEOF_INT 4
| #define HAVE_MALLOC 1
| #define HAVE_CALLOC 1
| #define HAVE_FREE 1
| #define HAVE_MEMCPY 1
| #define HAVE_MEMSET 1
| #define HAVE_PRINTF 1
| #define HAVE_SPRINTF 1
| #define HAVE_VSNPRINTF 1
| #define HAVE_STRERROR 1
| #define HAVE_STRLEN 1
| #define HAVE_STRNCMP 1
| #define HAVE_STRSTR 1
| #define HAVE_STRTOL 1
| #define HAVE_STRTOUL 1
| #define HAVE_FOPEN 1
| #define HAVE_FPRINTF 1
| #define HAVE_GETTIMEOFDAY 1
| #define HAVE_CLOSE 1
| #define HAVE_FCLOSE 1
| #define HAVE_EXIT 1
| #define HAVE_GETOPT_LONG 1
| #define HAVE_PCAP_H 1
| #define HAVE_PCAP_COMPILE 1
| #define HAVE_PCAP_CLOSE 1
| #define HAVE_PCAP_SETFILTER 1
| #define HAVE_PCAP_DISPATCH 1
| #define HAVE_TIMESPEC_GET 1
| #define HAVE_SRANDOM 1
| #define HAVE_RANDOM 1
| /* end confdefs.h.  */
| #include <selinux/selinux.h>
configure:6021: result: no
configure:6021: checking for selinux/selinux.h
configure:6021: result: no
configure:6033: checking for library containing setcon
configure:6064: gcc -std=gnu99 -o conftest -g -O2   conftest.c -lpcap -lpthread  >&5
/tmp/cc3lbex7.o: In function `main':
/home/ubuntu/workspace/ptunnel-ng/conftest.c:102: undefined reference to `setcon'
collect2: error: ld returned 1 exit status
configure:6064: $? = 1
configure: failed program was:
| /* confdefs.h */
| #define PACKAGE_NAME "ptunnel-ng"
| #define PACKAGE_TARNAME "ptunnel-ng"
| #define PACKAGE_VERSION "1.32"
| #define PACKAGE_STRING "ptunnel-ng 1.32"
| #define PACKAGE_BUGREPORT ""
| #define PACKAGE_URL ""
| #define PACKAGE "ptunnel-ng"
| #define VERSION "1.32"
| #define STDC_HEADERS 1
| #define HAVE_SYS_TYPES_H 1
| #define HAVE_SYS_STAT_H 1
| #define HAVE_STDLIB_H 1
| #define HAVE_STRING_H 1
| #define HAVE_MEMORY_H 1
| #define HAVE_STRINGS_H 1
| #define HAVE_INTTYPES_H 1
| #define HAVE_STDINT_H 1
| #define HAVE_UNISTD_H 1
| #define __EXTENSIONS__ 1
| #define _ALL_SOURCE 1
| #define _GNU_SOURCE 1
| #define _POSIX_PTHREAD_SEMANTICS 1
| #define _TANDEM_SOURCE 1
| #define HAVE__BOOL 1
| #define HAVE_VPRINTF 1
| #define HAVE_STDARG_H 1
| #define HAVE_STDIO_H 1
| #define HAVE_UNISTD_H 1
| #define HAVE_STDLIB_H 1
| #define HAVE_STRING_H 1
| #define HAVE_STDINT_H 1
| #define HAVE_TIME_H 1
| #define HAVE_SIGNAL_H 1
| #define HAVE_ASSERT_H 1
| #define HAVE_SYS_UNISTD_H 1
| #define HAVE_SYS_TYPES_H 1
| #define HAVE_SYS_SOCKET_H 1
| #define HAVE_NETINET_IN_H 1
| #define HAVE_ARPA_INET_H 1
| #define HAVE_NETDB_H 1
| #define HAVE_PTHREAD_H 1
| #define HAVE_ERRNO_H 1
| #define HAVE_NET_ETHERNET_H 1
| #define HAVE_SYSLOG_H 1
| #define HAVE_PWD_H 1
| #define HAVE_GRP_H 1
| #define HAVE_SIGNAL 1
| #define HAVE_PTHREAD_MUTEX_INIT 1
| #define HAVE_PTHREAD_MUTEX_LOCK 1
| #define HAVE_PTHREAD_MUTEX_UNLOCK 1
| #define HAVE_SYSLOG 1
| #define HAVE_GETADDRINFO 1
| #define HAVE_FREEADDRINFO 1
| #define HAVE_GAI_STRERROR 1
| #define SIZEOF_CHAR 1
| #define SIZEOF_UINT8_T 1
| #define SIZEOF_UINT16_T 2
| #define SIZEOF_UINT32_T 4
| #define SIZEOF_INT 4
| #define HAVE_MALLOC 1
| #define HAVE_CALLOC 1
| #define HAVE_FREE 1
| #define HAVE_MEMCPY 1
| #define HAVE_MEMSET 1
| #define HAVE_PRINTF 1
| #define HAVE_SPRINTF 1
| #define HAVE_VSNPRINTF 1
| #define HAVE_STRERROR 1
| #define HAVE_STRLEN 1
| #define HAVE_STRNCMP 1
| #define HAVE_STRSTR 1
| #define HAVE_STRTOL 1
| #define HAVE_STRTOUL 1
| #define HAVE_FOPEN 1
| #define HAVE_FPRINTF 1
| #define HAVE_GETTIMEOFDAY 1
| #define HAVE_CLOSE 1
| #define HAVE_FCLOSE 1
| #define HAVE_EXIT 1
| #define HAVE_GETOPT_LONG 1
| #define HAVE_PCAP_H 1
| #define HAVE_PCAP_COMPILE 1
| #define HAVE_PCAP_CLOSE 1
| #define HAVE_PCAP_SETFILTER 1
| #define HAVE_PCAP_DISPATCH 1
| #define HAVE_TIMESPEC_GET 1
| #define HAVE_SRANDOM 1
| #define HAVE_RANDOM 1
| /* end confdefs.h.  */
| 
| /* Override any GCC internal prototype to avoid an error.
|    Use char because int might match the return type of a GCC
|    builtin and then its argument prototype would still apply.  */
| #ifdef __cplusplus
| extern "C"
| #endif
| char setcon ();
| int
| main ()
| {
| return setcon ();
|   ;
|   return 0;
| }
configure:6064: gcc -std=gnu99 -o conftest -g -O2   conftest.c -lselinux  -lpcap -lpthread  >&5
/usr/bin/ld: cannot find -lselinux
collect2: error: ld returned 1 exit status
configure:6064: $? = 1
configure: failed program was:
| /* confdefs.h */
| #define PACKAGE_NAME "ptunnel-ng"
| #define PACKAGE_TARNAME "ptunnel-ng"
| #define PACKAGE_VERSION "1.32"
| #define PACKAGE_STRING "ptunnel-ng 1.32"
| #define PACKAGE_BUGREPORT ""
| #define PACKAGE_URL ""
| #define PACKAGE "ptunnel-ng"
| #define VERSION "1.32"
| #define STDC_HEADERS 1
| #define HAVE_SYS_TYPES_H 1
| #define HAVE_SYS_STAT_H 1
| #define HAVE_STDLIB_H 1
| #define HAVE_STRING_H 1
| #define HAVE_MEMORY_H 1
| #define HAVE_STRINGS_H 1
| #define HAVE_INTTYPES_H 1
| #define HAVE_STDINT_H 1
| #define HAVE_UNISTD_H 1
| #define __EXTENSIONS__ 1
| #define _ALL_SOURCE 1
| #define _GNU_SOURCE 1
| #define _POSIX_PTHREAD_SEMANTICS 1
| #define _TANDEM_SOURCE 1
| #define HAVE__BOOL 1
| #define HAVE_VPRINTF 1
| #define HAVE_STDARG_H 1
| #define HAVE_STDIO_H 1
| #define HAVE_UNISTD_H 1
| #define HAVE_STDLIB_H 1
| #define HAVE_STRING_H 1
| #define HAVE_STDINT_H 1
| #define HAVE_TIME_H 1
| #define HAVE_SIGNAL_H 1
| #define HAVE_ASSERT_H 1
| #define HAVE_SYS_UNISTD_H 1
| #define HAVE_SYS_TYPES_H 1
| #define HAVE_SYS_SOCKET_H 1
| #define HAVE_NETINET_IN_H 1
| #define HAVE_ARPA_INET_H 1
| #define HAVE_NETDB_H 1
| #define HAVE_PTHREAD_H 1
| #define HAVE_ERRNO_H 1
| #define HAVE_NET_ETHERNET_H 1
| #define HAVE_SYSLOG_H 1
| #define HAVE_PWD_H 1
| #define HAVE_GRP_H 1
| #define HAVE_SIGNAL 1
| #define HAVE_PTHREAD_MUTEX_INIT 1
| #define HAVE_PTHREAD_MUTEX_LOCK 1
| #define HAVE_PTHREAD_MUTEX_UNLOCK 1
| #define HAVE_SYSLOG 1
| #define HAVE_GETADDRINFO 1
| #define HAVE_FREEADDRINFO 1
| #define HAVE_GAI_STRERROR 1
| #define SIZEOF_CHAR 1
| #define SIZEOF_UINT8_T 1
| #define SIZEOF_UINT16_T 2
| #define SIZEOF_UINT32_T 4
| #define SIZEOF_INT 4
| #define HAVE_MALLOC 1
| #define HAVE_CALLOC 1
| #define HAVE_FREE 1
| #define HAVE_MEMCPY 1
| #define HAVE_MEMSET 1
| #define HAVE_PRINTF 1
| #define HAVE_SPRINTF 1
| #define HAVE_VSNPRINTF 1
| #define HAVE_STRERROR 1
| #define HAVE_STRLEN 1
| #define HAVE_STRNCMP 1
| #define HAVE_STRSTR 1
| #define HAVE_STRTOL 1
| #define HAVE_STRTOUL 1
| #define HAVE_FOPEN 1
| #define HAVE_FPRINTF 1
| #define HAVE_GETTIMEOFDAY 1
| #define HAVE_CLOSE 1
| #define HAVE_FCLOSE 1
| #define HAVE_EXIT 1
| #define HAVE_GETOPT_LONG 1
| #define HAVE_PCAP_H 1
| #define HAVE_PCAP_COMPILE 1
| #define HAVE_PCAP_CLOSE 1
| #define HAVE_PCAP_SETFILTER 1
| #define HAVE_PCAP_DISPATCH 1
| #define HAVE_TIMESPEC_GET 1
| #define HAVE_SRANDOM 1
| #define HAVE_RANDOM 1
| /* end confdefs.h.  */
| 
| /* Override any GCC internal prototype to avoid an error.
|    Use char because int might match the return type of a GCC
|    builtin and then its argument prototype would still apply.  */
| #ifdef __cplusplus
| extern "C"
| #endif
| char setcon ();
| int
| main ()
| {
| return setcon ();
|   ;
|   return 0;
| }
configure:6081: result: no
configure:6093: checking for working ICMP_FILTER
configure:6117: gcc -std=gnu99 -c -g -O2  conftest.c >&5
configure:6117: $? = 0
configure:6118: result: yes
configure:6129: checking for library containing __android_log_vprint
configure:6160: gcc -std=gnu99 -o conftest -g -O2   conftest.c -lpcap -lpthread  >&5
/tmp/ccH6pFCk.o: In function `main':
/home/ubuntu/workspace/ptunnel-ng/conftest.c:102: undefined reference to `__android_log_vprint'
collect2: error: ld returned 1 exit status
configure:6160: $? = 1
configure: failed program was:
| /* confdefs.h */
| #define PACKAGE_NAME "ptunnel-ng"
| #define PACKAGE_TARNAME "ptunnel-ng"
| #define PACKAGE_VERSION "1.32"
| #define PACKAGE_STRING "ptunnel-ng 1.32"
| #define PACKAGE_BUGREPORT ""
| #define PACKAGE_URL ""
| #define PACKAGE "ptunnel-ng"
| #define VERSION "1.32"
| #define STDC_HEADERS 1
| #define HAVE_SYS_TYPES_H 1
| #define HAVE_SYS_STAT_H 1
| #define HAVE_STDLIB_H 1
| #define HAVE_STRING_H 1
| #define HAVE_MEMORY_H 1
| #define HAVE_STRINGS_H 1
| #define HAVE_INTTYPES_H 1
| #define HAVE_STDINT_H 1
| #define HAVE_UNISTD_H 1
| #define __EXTENSIONS__ 1
| #define _ALL_SOURCE 1
| #define _GNU_SOURCE 1
| #define _POSIX_PTHREAD_SEMANTICS 1
| #define _TANDEM_SOURCE 1
| #define HAVE__BOOL 1
| #define HAVE_VPRINTF 1
| #define HAVE_STDARG_H 1
| #define HAVE_STDIO_H 1
| #define HAVE_UNISTD_H 1
| #define HAVE_STDLIB_H 1
| #define HAVE_STRING_H 1
| #define HAVE_STDINT_H 1
| #define HAVE_TIME_H 1
| #define HAVE_SIGNAL_H 1
| #define HAVE_ASSERT_H 1
| #define HAVE_SYS_UNISTD_H 1
| #define HAVE_SYS_TYPES_H 1
| #define HAVE_SYS_SOCKET_H 1
| #define HAVE_NETINET_IN_H 1
| #define HAVE_ARPA_INET_H 1
| #define HAVE_NETDB_H 1
| #define HAVE_PTHREAD_H 1
| #define HAVE_ERRNO_H 1
| #define HAVE_NET_ETHERNET_H 1
| #define HAVE_SYSLOG_H 1
| #define HAVE_PWD_H 1
| #define HAVE_GRP_H 1
| #define HAVE_SIGNAL 1
| #define HAVE_PTHREAD_MUTEX_INIT 1
| #define HAVE_PTHREAD_MUTEX_LOCK 1
| #define HAVE_PTHREAD_MUTEX_UNLOCK 1
| #define HAVE_SYSLOG 1
| #define HAVE_GETADDRINFO 1
| #define HAVE_FREEADDRINFO 1
| #define HAVE_GAI_STRERROR 1
| #define SIZEOF_CHAR 1
| #define SIZEOF_UINT8_T 1
| #define SIZEOF_UINT16_T 2
| #define SIZEOF_UINT32_T 4
| #define SIZEOF_INT 4
| #define HAVE_MALLOC 1
| #define HAVE_CALLOC 1
| #define HAVE_FREE 1
| #define HAVE_MEMCPY 1
| #define HAVE_MEMSET 1
| #define HAVE_PRINTF 1
| #define HAVE_SPRINTF 1
| #define HAVE_VSNPRINTF 1
| #define HAVE_STRERROR 1
| #define HAVE_STRLEN 1
| #define HAVE_STRNCMP 1
| #define HAVE_STRSTR 1
| #define HAVE_STRTOL 1
| #define HAVE_STRTOUL 1
| #define HAVE_FOPEN 1
| #define HAVE_FPRINTF 1
| #define HAVE_GETTIMEOFDAY 1
| #define HAVE_CLOSE 1
| #define HAVE_FCLOSE 1
| #define HAVE_EXIT 1
| #define HAVE_GETOPT_LONG 1
| #define HAVE_PCAP_H 1
| #define HAVE_PCAP_COMPILE 1
| #define HAVE_PCAP_CLOSE 1
| #define HAVE_PCAP_SETFILTER 1
| #define HAVE_PCAP_DISPATCH 1
| #define HAVE_TIMESPEC_GET 1
| #define HAVE_SRANDOM 1
| #define HAVE_RANDOM 1
| /* end confdefs.h.  */
| 
| /* Override any GCC internal prototype to avoid an error.
|    Use char because int might match the return type of a GCC
|    builtin and then its argument prototype would still apply.  */
| #ifdef __cplusplus
| extern "C"
| #endif
| char __android_log_vprint ();
| int
| main ()
| {
| return __android_log_vprint ();
|   ;
|   return 0;
| }
configure:6160: gcc -std=gnu99 -o conftest -g -O2   conftest.c -llog  -lpcap -lpthread  >&5
/usr/bin/ld: cannot find -llog
collect2: error: ld returned 1 exit status
configure:6160: $? = 1
configure: failed program was:
| /* confdefs.h */
| #define PACKAGE_NAME "ptunnel-ng"
| #define PACKAGE_TARNAME "ptunnel-ng"
| #define PACKAGE_VERSION "1.32"
| #define PACKAGE_STRING "ptunnel-ng 1.32"
| #define PACKAGE_BUGREPORT ""
| #define PACKAGE_URL ""
| #define PACKAGE "ptunnel-ng"
| #define VERSION "1.32"
| #define STDC_HEADERS 1
| #define HAVE_SYS_TYPES_H 1
| #define HAVE_SYS_STAT_H 1
| #define HAVE_STDLIB_H 1
| #define HAVE_STRING_H 1
| #define HAVE_MEMORY_H 1
| #define HAVE_STRINGS_H 1
| #define HAVE_INTTYPES_H 1
| #define HAVE_STDINT_H 1
| #define HAVE_UNISTD_H 1
| #define __EXTENSIONS__ 1
| #define _ALL_SOURCE 1
| #define _GNU_SOURCE 1
| #define _POSIX_PTHREAD_SEMANTICS 1
| #define _TANDEM_SOURCE 1
| #define HAVE__BOOL 1
| #define HAVE_VPRINTF 1
| #define HAVE_STDARG_H 1
| #define HAVE_STDIO_H 1
| #define HAVE_UNISTD_H 1
| #define HAVE_STDLIB_H 1
| #define HAVE_STRING_H 1
| #define HAVE_STDINT_H 1
| #define HAVE_TIME_H 1
| #define HAVE_SIGNAL_H 1
| #define HAVE_ASSERT_H 1
| #define HAVE_SYS_UNISTD_H 1
| #define HAVE_SYS_TYPES_H 1
| #define HAVE_SYS_SOCKET_H 1
| #define HAVE_NETINET_IN_H 1
| #define HAVE_ARPA_INET_H 1
| #define HAVE_NETDB_H 1
| #define HAVE_PTHREAD_H 1
| #define HAVE_ERRNO_H 1
| #define HAVE_NET_ETHERNET_H 1
| #define HAVE_SYSLOG_H 1
| #define HAVE_PWD_H 1
| #define HAVE_GRP_H 1
| #define HAVE_SIGNAL 1
| #define HAVE_PTHREAD_MUTEX_INIT 1
| #define HAVE_PTHREAD_MUTEX_LOCK 1
| #define HAVE_PTHREAD_MUTEX_UNLOCK 1
| #define HAVE_SYSLOG 1
| #define HAVE_GETADDRINFO 1
| #define HAVE_FREEADDRINFO 1
| #define HAVE_GAI_STRERROR 1
| #define SIZEOF_CHAR 1
| #define SIZEOF_UINT8_T 1
| #define SIZEOF_UINT16_T 2
| #define SIZEOF_UINT32_T 4
| #define SIZEOF_INT 4
| #define HAVE_MALLOC 1
| #define HAVE_CALLOC 1
| #define HAVE_FREE 1
| #define HAVE_MEMCPY 1
| #define HAVE_MEMSET 1
| #define HAVE_PRINTF 1
| #define HAVE_SPRINTF 1
| #define HAVE_VSNPRINTF 1
| #define HAVE_STRERROR 1
| #define HAVE_STRLEN 1
| #define HAVE_STRNCMP 1
| #define HAVE_STRSTR 1
| #define HAVE_STRTOL 1
| #define HAVE_STRTOUL 1
| #define HAVE_FOPEN 1
| #define HAVE_FPRINTF 1
| #define HAVE_GETTIMEOFDAY 1
| #define HAVE_CLOSE 1
| #define HAVE_FCLOSE 1
| #define HAVE_EXIT 1
| #define HAVE_GETOPT_LONG 1
| #define HAVE_PCAP_H 1
| #define HAVE_PCAP_COMPILE 1
| #define HAVE_PCAP_CLOSE 1
| #define HAVE_PCAP_SETFILTER 1
| #define HAVE_PCAP_DISPATCH 1
| #define HAVE_TIMESPEC_GET 1
| #define HAVE_SRANDOM 1
| #define HAVE_RANDOM 1
| /* end confdefs.h.  */
| 
| /* Override any GCC internal prototype to avoid an error.
|    Use char because int might match the return type of a GCC
|    builtin and then its argument prototype would still apply.  */
| #ifdef __cplusplus
| extern "C"
| #endif
| char __android_log_vprint ();
| int
| main ()
| {
| return __android_log_vprint ();
|   ;
|   return 0;
| }
configure:6177: result: no
configure:6346: checking that generated files are newer than configure
configure:6352: result: done
configure:6399: creating ./config.status

## ---------------------- ##
## Running config.status. ##
## ---------------------- ##

This file was extended by ptunnel-ng config.status 1.32, which was
generated by GNU Autoconf 2.69.  Invocation command line was

  CONFIG_FILES    = 
  CONFIG_HEADERS  = 
  CONFIG_LINKS    = 
  CONFIG_COMMANDS = 
  $ ./config.status 

on hightemp-icmp-proxy-test-6729860

config.status:944: creating Makefile
config.status:944: creating src/Makefile
config.status:944: creating src/config.h
config.status:1125: src/config.h is unchanged
config.status:1173: executing depfiles commands

## ---------------- ##
## Cache variables. ##
## ---------------- ##

ac_cv_build=x86_64-unknown-linux-gnu
ac_cv_c_compiler_gnu=yes
ac_cv_c_const=yes
ac_cv_c_inline=inline
ac_cv_env_CC_set=
ac_cv_env_CC_value=
ac_cv_env_CFLAGS_set=
ac_cv_env_CFLAGS_value=
ac_cv_env_CPPFLAGS_set=
ac_cv_env_CPPFLAGS_value=
ac_cv_env_CPP_set=
ac_cv_env_CPP_value=
ac_cv_env_LDFLAGS_set=
ac_cv_env_LDFLAGS_value=
ac_cv_env_LIBS_set=
ac_cv_env_LIBS_value=
ac_cv_env_build_alias_set=
ac_cv_env_build_alias_value=
ac_cv_env_host_alias_set=
ac_cv_env_host_alias_value=
ac_cv_env_target_alias_set=
ac_cv_env_target_alias_value=
ac_cv_func__doprnt=no
ac_cv_func_arc4random=no
ac_cv_func_calloc=yes
ac_cv_func_close=yes
ac_cv_func_exit=yes
ac_cv_func_fclose=yes
ac_cv_func_fopen=yes
ac_cv_func_fprintf=yes
ac_cv_func_free=yes
ac_cv_func_freeaddrinfo=yes
ac_cv_func_gai_strerror=yes
ac_cv_func_getaddrinfo=yes
ac_cv_func_getopt_long=yes
ac_cv_func_gettimeofday=yes
ac_cv_func_malloc=yes
ac_cv_func_memcmp_working=yes
ac_cv_func_memcpy=yes
ac_cv_func_memset=yes
ac_cv_func_pcap_close=yes
ac_cv_func_pcap_compile=yes
ac_cv_func_pcap_dispatch=yes
ac_cv_func_pcap_setfilter=yes
ac_cv_func_printf=yes
ac_cv_func_pthread_mutex_init=yes
ac_cv_func_pthread_mutex_lock=yes
ac_cv_func_pthread_mutex_unlock=yes
ac_cv_func_random=yes
ac_cv_func_signal=yes
ac_cv_func_sprintf=yes
ac_cv_func_srandom=yes
ac_cv_func_strerror=yes
ac_cv_func_strlen=yes
ac_cv_func_strncmp=yes
ac_cv_func_strstr=yes
ac_cv_func_strtol=yes
ac_cv_func_strtoul=yes
ac_cv_func_syslog=yes
ac_cv_func_timespec_get=yes
ac_cv_func_vprintf=yes
ac_cv_func_vsnprintf=yes
ac_cv_header_arpa_inet_h=yes
ac_cv_header_assert_h=yes
ac_cv_header_bsd_stdlib_h=no
ac_cv_header_errno_h=yes
ac_cv_header_grp_h=yes
ac_cv_header_inttypes_h=yes
ac_cv_header_memory_h=yes
ac_cv_header_minix_config_h=no
ac_cv_header_net_ethernet_h=yes
ac_cv_header_netdb_h=yes
ac_cv_header_netinet_in_h=yes
ac_cv_header_pcap_h=yes
ac_cv_header_pthread_h=yes
ac_cv_header_pwd_h=yes
ac_cv_header_selinux_selinux_h=no
ac_cv_header_signal_h=yes
ac_cv_header_stdarg_h=yes
ac_cv_header_stdbool_h=yes
ac_cv_header_stdc=yes
ac_cv_header_stdint_h=yes
ac_cv_header_stdio_h=yes
ac_cv_header_stdlib_h=yes
ac_cv_header_string_h=yes
ac_cv_header_strings_h=yes
ac_cv_header_sys_socket_h=yes
ac_cv_header_sys_stat_h=yes
ac_cv_header_sys_types_h=yes
ac_cv_header_sys_unistd_h=yes
ac_cv_header_syslog_h=yes
ac_cv_header_time_h=yes
ac_cv_header_unistd_h=yes
ac_cv_host=x86_64-unknown-linux-gnu
ac_cv_member_struct_timeval_tv_sec=yes
ac_cv_member_struct_timeval_tv_usec=yes
ac_cv_objext=o
ac_cv_path_EGREP='/bin/grep -E'
ac_cv_path_GREP=/bin/grep
ac_cv_path_install='/usr/bin/install -c'
ac_cv_path_mkdir=/bin/mkdir
ac_cv_prog_AWK=gawk
ac_cv_prog_CPP='gcc -std=gnu99 -E'
ac_cv_prog_ac_ct_CC=gcc
ac_cv_prog_cc_c89=
ac_cv_prog_cc_c99=-std=gnu99
ac_cv_prog_cc_g=yes
ac_cv_prog_cc_stdc=-std=gnu99
ac_cv_prog_make_make_set=yes
ac_cv_safe_to_define___extensions__=yes
ac_cv_search___android_log_vprint=no
ac_cv_search_arc4random=no
ac_cv_search_pcap_lookupnet=-lpcap
ac_cv_search_pthread_create=-lpthread
ac_cv_search_setcon=no
ac_cv_sizeof_char=1
ac_cv_sizeof_int=4
ac_cv_sizeof_uint16_t=2
ac_cv_sizeof_uint32_t=4
ac_cv_sizeof_uint8_t=1
ac_cv_type__Bool=yes
ac_cv_type_size_t=yes
am_cv_CC_dependencies_compiler_type=gcc3
am_cv_make_support_nested_variables=yes
am_cv_prog_cc_c_o=yes

## ----------------- ##
## Output variables. ##
## ----------------- ##

ACLOCAL='${SHELL} /home/ubuntu/workspace/ptunnel-ng/missing aclocal-1.14'
AMDEPBACKSLASH='\'
AMDEP_FALSE='#'
AMDEP_TRUE=''
AMTAR='$${TAR-tar}'
AM_BACKSLASH='\'
AM_DEFAULT_V='$(AM_DEFAULT_VERBOSITY)'
AM_DEFAULT_VERBOSITY='0'
AM_V='$(V)'
AUTOCONF='${SHELL} /home/ubuntu/workspace/ptunnel-ng/missing autoconf'
AUTOHEADER='${SHELL} /home/ubuntu/workspace/ptunnel-ng/missing autoheader'
AUTOMAKE='${SHELL} /home/ubuntu/workspace/ptunnel-ng/missing automake-1.14'
AWK='gawk'
CC='gcc -std=gnu99'
CCDEPMODE='depmode=gcc3'
CFLAGS='-g -O2'
CPP='gcc -std=gnu99 -E'
CPPFLAGS=''
CYGPATH_W='echo'
DEFS='-DHAVE_CONFIG_H'
DEPDIR='.deps'
DLLTOOL=''
ECHO_C=''
ECHO_N='-n'
ECHO_T=''
EGREP='/bin/grep -E'
EXEEXT=''
GREP='/bin/grep'
HAVE_ARC4RANDOM_FALSE=''
HAVE_ARC4RANDOM_TRUE='#'
HAVE_ICMPFILTER_FALSE='#'
HAVE_ICMPFILTER_TRUE=''
HAVE_PCAP_FALSE='#'
HAVE_PCAP_TRUE=''
HAVE_RANDOM_FALSE='#'
HAVE_RANDOM_TRUE=''
HAVE_SELINUX_FALSE=''
HAVE_SELINUX_TRUE='#'
INSTALL_DATA='${INSTALL} -m 644'
INSTALL_PROGRAM='${INSTALL}'
INSTALL_SCRIPT='${INSTALL}'
INSTALL_STRIP_PROGRAM='$(install_sh) -c -s'
IS_WINDOWS_FALSE=''
IS_WINDOWS_TRUE='#'
LDFLAGS=''
LIBOBJS=''
LIBS='-lpcap -lpthread '
LTLIBOBJS=''
MAKEINFO='${SHELL} /home/ubuntu/workspace/ptunnel-ng/missing makeinfo'
MKDIR_P='/bin/mkdir -p'
OBJEXT='o'
PACKAGE='ptunnel-ng'
PACKAGE_BUGREPORT=''
PACKAGE_NAME='ptunnel-ng'
PACKAGE_STRING='ptunnel-ng 1.32'
PACKAGE_TARNAME='ptunnel-ng'
PACKAGE_URL=''
PACKAGE_VERSION='1.32'
PATH_SEPARATOR=':'
SET_MAKE=''
SHELL='/bin/bash'
STRIP=''
VERSION='1.32'
ac_ct_CC='gcc'
am__EXEEXT_FALSE=''
am__EXEEXT_TRUE='#'
am__fastdepCC_FALSE='#'
am__fastdepCC_TRUE=''
am__include='include'
am__isrc=''
am__leading_dot='.'
am__nodep='_no'
am__quote=''
am__tar='$${TAR-tar} chof - "$$tardir"'
am__untar='$${TAR-tar} xf -'
bindir='${exec_prefix}/bin'
build='x86_64-unknown-linux-gnu'
build_alias=''
build_cpu='x86_64'
build_os='linux-gnu'
build_vendor='unknown'
datadir='${datarootdir}'
datarootdir='${prefix}/share'
docdir='${datarootdir}/doc/${PACKAGE_TARNAME}'
dvidir='${docdir}'
exec_prefix='${prefix}'
host='x86_64-unknown-linux-gnu'
host_alias=''
host_cpu='x86_64'
host_os='linux-gnu'
host_vendor='unknown'
htmldir='${docdir}'
includedir='${prefix}/include'
infodir='${datarootdir}/info'
install_sh='${SHELL} /home/ubuntu/workspace/ptunnel-ng/install-sh'
libdir='${exec_prefix}/lib'
libexecdir='${exec_prefix}/libexec'
localedir='${datarootdir}/locale'
localstatedir='${prefix}/var'
mandir='${datarootdir}/man'
mkdir_p='$(MKDIR_P)'
oldincludedir='/usr/include'
pdfdir='${docdir}'
prefix='/usr/local'
program_transform_name='s,x,x,'
psdir='${docdir}'
sbindir='${exec_prefix}/sbin'
sharedstatedir='${prefix}/com'
sysconfdir='${prefix}/etc'
target_alias=''

## ----------- ##
## confdefs.h. ##
## ----------- ##

/* confdefs.h */
#define PACKAGE_NAME "ptunnel-ng"
#define PACKAGE_TARNAME "ptunnel-ng"
#define PACKAGE_VERSION "1.32"
#define PACKAGE_STRING "ptunnel-ng 1.32"
#define PACKAGE_BUGREPORT ""
#define PACKAGE_URL ""
#define PACKAGE "ptunnel-ng"
#define VERSION "1.32"
#define STDC_HEADERS 1
#define HAVE_SYS_TYPES_H 1
#define HAVE_SYS_STAT_H 1
#define HAVE_STDLIB_H 1
#define HAVE_STRING_H 1
#define HAVE_MEMORY_H 1
#define HAVE_STRINGS_H 1
#define HAVE_INTTYPES_H 1
#define HAVE_STDINT_H 1
#define HAVE_UNISTD_H 1
#define __EXTENSIONS__ 1
#define _ALL_SOURCE 1
#define _GNU_SOURCE 1
#define _POSIX_PTHREAD_SEMANTICS 1
#define _TANDEM_SOURCE 1
#define HAVE__BOOL 1
#define HAVE_VPRINTF 1
#define HAVE_STDARG_H 1
#define HAVE_STDIO_H 1
#define HAVE_UNISTD_H 1
#define HAVE_STDLIB_H 1
#define HAVE_STRING_H 1
#define HAVE_STDINT_H 1
#define HAVE_TIME_H 1
#define HAVE_SIGNAL_H 1
#define HAVE_ASSERT_H 1
#define HAVE_SYS_UNISTD_H 1
#define HAVE_SYS_TYPES_H 1
#define HAVE_SYS_SOCKET_H 1
#define HAVE_NETINET_IN_H 1
#define HAVE_ARPA_INET_H 1
#define HAVE_NETDB_H 1
#define HAVE_PTHREAD_H 1
#define HAVE_ERRNO_H 1
#define HAVE_NET_ETHERNET_H 1
#define HAVE_SYSLOG_H 1
#define HAVE_PWD_H 1
#define HAVE_GRP_H 1
#define HAVE_SIGNAL 1
#define HAVE_PTHREAD_MUTEX_INIT 1
#define HAVE_PTHREAD_MUTEX_LOCK 1
#define HAVE_PTHREAD_MUTEX_UNLOCK 1
#define HAVE_SYSLOG 1
#define HAVE_GETADDRINFO 1
#define HAVE_FREEADDRINFO 1
#define HAVE_GAI_STRERROR 1
#define SIZEOF_CHAR 1
#define SIZEOF_UINT8_T 1
#define SIZEOF_UINT16_T 2
#define SIZEOF_UINT32_T 4
#define SIZEOF_INT 4
#define HAVE_MALLOC 1
#define HAVE_CALLOC 1
#define HAVE_FREE 1
#define HAVE_MEMCPY 1
#define HAVE_MEMSET 1
#define HAVE_PRINTF 1
#define HAVE_SPRINTF 1
#define HAVE_VSNPRINTF 1
#define HAVE_STRERROR 1
#define HAVE_STRLEN 1
#define HAVE_STRNCMP 1
#define HAVE_STRSTR 1
#define HAVE_STRTOL 1
#define HAVE_STRTOUL 1
#define HAVE_FOPEN 1
#define HAVE_FPRINTF 1
#define HAVE_GETTIMEOFDAY 1
#define HAVE_CLOSE 1
#define HAVE_FCLOSE 1
#define HAVE_EXIT 1
#define HAVE_GETOPT_LONG 1
#define HAVE_PCAP_H 1
#define HAVE_PCAP_COMPILE 1
#define HAVE_PCAP_CLOSE 1
#define HAVE_PCAP_SETFILTER 1
#define HAVE_PCAP_DISPATCH 1
#define HAVE_TIMESPEC_GET 1
#define HAVE_SRANDOM 1
#define HAVE_RANDOM 1

configure: exit 0
